{"/Users/siman/Documents/Projects/InDeepShip/bow/jest-puppeteer.config.js": {"path":"/Users/siman/Documents/Projects/InDeepShip/bow/jest-puppeteer.config.js","statementMap":{"0":{"start":{"line":1,"column":0},"end":{"line":9,"column":3}}},"fnMap":{},"branchMap":{},"s":{"0":0},"f":{},"b":{},"hash":"e31f5b094f33486732531debd791488a623b0623"}
,"/Users/siman/Documents/Projects/InDeepShip/bow/src/index.js": {"path":"/Users/siman/Documents/Projects/InDeepShip/bow/src/index.js","statementMap":{"0":{"start":{"line":9,"column":0},"end":{"line":9,"column":44}},"1":{"start":{"line":10,"column":0},"end":{"line":10,"column":46}},"2":{"start":{"line":11,"column":0},"end":{"line":11,"column":38}},"3":{"start":{"line":13,"column":0},"end":{"line":13,"column":73}},"4":{"start":{"line":18,"column":0},"end":{"line":18,"column":27}}},"fnMap":{},"branchMap":{},"s":{"0":0,"1":0,"2":0,"3":0,"4":0},"f":{},"b":{},"hash":"e444825a51bf7f01fd68eef9490e8c4730fa5bcf"}
,"/Users/siman/Documents/Projects/InDeepShip/bow/src/serviceWorker.js": {"path":"/Users/siman/Documents/Projects/InDeepShip/bow/src/serviceWorker.js","statementMap":{"0":{"start":{"line":13,"column":20},"end":{"line":21,"column":1}},"1":{"start":{"line":24,"column":2},"end":{"line":54,"column":3}},"2":{"start":{"line":26,"column":22},"end":{"line":26,"column":75}},"3":{"start":{"line":27,"column":4},"end":{"line":32,"column":5}},"4":{"start":{"line":31,"column":6},"end":{"line":31,"column":13}},"5":{"start":{"line":34,"column":4},"end":{"line":53,"column":7}},"6":{"start":{"line":35,"column":20},"end":{"line":35,"column":65}},"7":{"start":{"line":37,"column":6},"end":{"line":52,"column":7}},"8":{"start":{"line":39,"column":8},"end":{"line":39,"column":47}},"9":{"start":{"line":43,"column":8},"end":{"line":48,"column":11}},"10":{"start":{"line":44,"column":10},"end":{"line":47,"column":12}},"11":{"start":{"line":51,"column":8},"end":{"line":51,"column":39}},"12":{"start":{"line":58,"column":2},"end":{"line":98,"column":7}},"13":{"start":{"line":61,"column":6},"end":{"line":94,"column":8}},"14":{"start":{"line":62,"column":33},"end":{"line":62,"column":56}},"15":{"start":{"line":63,"column":8},"end":{"line":65,"column":9}},"16":{"start":{"line":64,"column":10},"end":{"line":64,"column":17}},"17":{"start":{"line":66,"column":8},"end":{"line":93,"column":10}},"18":{"start":{"line":67,"column":10},"end":{"line":92,"column":11}},"19":{"start":{"line":68,"column":12},"end":{"line":91,"column":13}},"20":{"start":{"line":72,"column":14},"end":{"line":75,"column":16}},"21":{"start":{"line":78,"column":14},"end":{"line":80,"column":15}},"22":{"start":{"line":79,"column":16},"end":{"line":79,"column":46}},"23":{"start":{"line":85,"column":14},"end":{"line":85,"column":64}},"24":{"start":{"line":88,"column":14},"end":{"line":90,"column":15}},"25":{"start":{"line":89,"column":16},"end":{"line":89,"column":47}},"26":{"start":{"line":97,"column":6},"end":{"line":97,"column":72}},"27":{"start":{"line":103,"column":2},"end":{"line":128,"column":7}},"28":{"start":{"line":108,"column":26},"end":{"line":108,"column":62}},"29":{"start":{"line":109,"column":6},"end":{"line":122,"column":7}},"30":{"start":{"line":114,"column":8},"end":{"line":118,"column":11}},"31":{"start":{"line":115,"column":10},"end":{"line":117,"column":13}},"32":{"start":{"line":116,"column":12},"end":{"line":116,"column":37}},"33":{"start":{"line":121,"column":8},"end":{"line":121,"column":39}},"34":{"start":{"line":125,"column":6},"end":{"line":127,"column":8}},"35":{"start":{"line":132,"column":2},"end":{"line":140,"column":3}},"36":{"start":{"line":133,"column":4},"end":{"line":139,"column":9}},"37":{"start":{"line":135,"column":8},"end":{"line":135,"column":34}},"38":{"start":{"line":138,"column":8},"end":{"line":138,"column":37}}},"fnMap":{"0":{"name":"register","decl":{"start":{"line":23,"column":16},"end":{"line":23,"column":24}},"loc":{"start":{"line":23,"column":33},"end":{"line":55,"column":1}},"line":23},"1":{"name":"(anonymous_1)","decl":{"start":{"line":34,"column":36},"end":{"line":34,"column":37}},"loc":{"start":{"line":34,"column":42},"end":{"line":53,"column":5}},"line":34},"2":{"name":"(anonymous_2)","decl":{"start":{"line":43,"column":43},"end":{"line":43,"column":44}},"loc":{"start":{"line":43,"column":49},"end":{"line":48,"column":9}},"line":43},"3":{"name":"registerValidSW","decl":{"start":{"line":57,"column":9},"end":{"line":57,"column":24}},"loc":{"start":{"line":57,"column":40},"end":{"line":99,"column":1}},"line":57},"4":{"name":"(anonymous_4)","decl":{"start":{"line":60,"column":10},"end":{"line":60,"column":11}},"loc":{"start":{"line":60,"column":26},"end":{"line":95,"column":5}},"line":60},"5":{"name":"(anonymous_5)","decl":{"start":{"line":61,"column":35},"end":{"line":61,"column":36}},"loc":{"start":{"line":61,"column":41},"end":{"line":94,"column":7}},"line":61},"6":{"name":"(anonymous_6)","decl":{"start":{"line":66,"column":41},"end":{"line":66,"column":42}},"loc":{"start":{"line":66,"column":47},"end":{"line":93,"column":9}},"line":66},"7":{"name":"(anonymous_7)","decl":{"start":{"line":96,"column":11},"end":{"line":96,"column":12}},"loc":{"start":{"line":96,"column":20},"end":{"line":98,"column":5}},"line":96},"8":{"name":"checkValidServiceWorker","decl":{"start":{"line":101,"column":9},"end":{"line":101,"column":32}},"loc":{"start":{"line":101,"column":48},"end":{"line":129,"column":1}},"line":101},"9":{"name":"(anonymous_9)","decl":{"start":{"line":106,"column":10},"end":{"line":106,"column":11}},"loc":{"start":{"line":106,"column":22},"end":{"line":123,"column":5}},"line":106},"10":{"name":"(anonymous_10)","decl":{"start":{"line":114,"column":43},"end":{"line":114,"column":44}},"loc":{"start":{"line":114,"column":59},"end":{"line":118,"column":9}},"line":114},"11":{"name":"(anonymous_11)","decl":{"start":{"line":115,"column":41},"end":{"line":115,"column":42}},"loc":{"start":{"line":115,"column":47},"end":{"line":117,"column":11}},"line":115},"12":{"name":"(anonymous_12)","decl":{"start":{"line":124,"column":11},"end":{"line":124,"column":12}},"loc":{"start":{"line":124,"column":17},"end":{"line":128,"column":5}},"line":124},"13":{"name":"unregister","decl":{"start":{"line":131,"column":16},"end":{"line":131,"column":26}},"loc":{"start":{"line":131,"column":29},"end":{"line":141,"column":1}},"line":131},"14":{"name":"(anonymous_14)","decl":{"start":{"line":134,"column":12},"end":{"line":134,"column":13}},"loc":{"start":{"line":134,"column":28},"end":{"line":136,"column":7}},"line":134},"15":{"name":"(anonymous_15)","decl":{"start":{"line":137,"column":13},"end":{"line":137,"column":14}},"loc":{"start":{"line":137,"column":22},"end":{"line":139,"column":7}},"line":137}},"branchMap":{"0":{"loc":{"start":{"line":14,"column":2},"end":{"line":20,"column":5}},"type":"binary-expr","locations":[{"start":{"line":14,"column":2},"end":{"line":14,"column":42}},{"start":{"line":16,"column":4},"end":{"line":16,"column":40}},{"start":{"line":18,"column":4},"end":{"line":20,"column":5}}],"line":14},"1":{"loc":{"start":{"line":24,"column":2},"end":{"line":54,"column":3}},"type":"if","locations":[{"start":{"line":24,"column":2},"end":{"line":54,"column":3}},{"start":{"line":24,"column":2},"end":{"line":54,"column":3}}],"line":24},"2":{"loc":{"start":{"line":24,"column":6},"end":{"line":24,"column":75}},"type":"binary-expr","locations":[{"start":{"line":24,"column":6},"end":{"line":24,"column":43}},{"start":{"line":24,"column":47},"end":{"line":24,"column":75}}],"line":24},"3":{"loc":{"start":{"line":27,"column":4},"end":{"line":32,"column":5}},"type":"if","locations":[{"start":{"line":27,"column":4},"end":{"line":32,"column":5}},{"start":{"line":27,"column":4},"end":{"line":32,"column":5}}],"line":27},"4":{"loc":{"start":{"line":37,"column":6},"end":{"line":52,"column":7}},"type":"if","locations":[{"start":{"line":37,"column":6},"end":{"line":52,"column":7}},{"start":{"line":37,"column":6},"end":{"line":52,"column":7}}],"line":37},"5":{"loc":{"start":{"line":63,"column":8},"end":{"line":65,"column":9}},"type":"if","locations":[{"start":{"line":63,"column":8},"end":{"line":65,"column":9}},{"start":{"line":63,"column":8},"end":{"line":65,"column":9}}],"line":63},"6":{"loc":{"start":{"line":67,"column":10},"end":{"line":92,"column":11}},"type":"if","locations":[{"start":{"line":67,"column":10},"end":{"line":92,"column":11}},{"start":{"line":67,"column":10},"end":{"line":92,"column":11}}],"line":67},"7":{"loc":{"start":{"line":68,"column":12},"end":{"line":91,"column":13}},"type":"if","locations":[{"start":{"line":68,"column":12},"end":{"line":91,"column":13}},{"start":{"line":68,"column":12},"end":{"line":91,"column":13}}],"line":68},"8":{"loc":{"start":{"line":78,"column":14},"end":{"line":80,"column":15}},"type":"if","locations":[{"start":{"line":78,"column":14},"end":{"line":80,"column":15}},{"start":{"line":78,"column":14},"end":{"line":80,"column":15}}],"line":78},"9":{"loc":{"start":{"line":78,"column":18},"end":{"line":78,"column":43}},"type":"binary-expr","locations":[{"start":{"line":78,"column":18},"end":{"line":78,"column":24}},{"start":{"line":78,"column":28},"end":{"line":78,"column":43}}],"line":78},"10":{"loc":{"start":{"line":88,"column":14},"end":{"line":90,"column":15}},"type":"if","locations":[{"start":{"line":88,"column":14},"end":{"line":90,"column":15}},{"start":{"line":88,"column":14},"end":{"line":90,"column":15}}],"line":88},"11":{"loc":{"start":{"line":88,"column":18},"end":{"line":88,"column":44}},"type":"binary-expr","locations":[{"start":{"line":88,"column":18},"end":{"line":88,"column":24}},{"start":{"line":88,"column":28},"end":{"line":88,"column":44}}],"line":88},"12":{"loc":{"start":{"line":109,"column":6},"end":{"line":122,"column":7}},"type":"if","locations":[{"start":{"line":109,"column":6},"end":{"line":122,"column":7}},{"start":{"line":109,"column":6},"end":{"line":122,"column":7}}],"line":109},"13":{"loc":{"start":{"line":110,"column":8},"end":{"line":111,"column":73}},"type":"binary-expr","locations":[{"start":{"line":110,"column":8},"end":{"line":110,"column":31}},{"start":{"line":111,"column":9},"end":{"line":111,"column":28}},{"start":{"line":111,"column":32},"end":{"line":111,"column":72}}],"line":110},"14":{"loc":{"start":{"line":132,"column":2},"end":{"line":140,"column":3}},"type":"if","locations":[{"start":{"line":132,"column":2},"end":{"line":140,"column":3}},{"start":{"line":132,"column":2},"end":{"line":140,"column":3}}],"line":132}},"s":{"0":0,"1":0,"2":0,"3":0,"4":0,"5":0,"6":0,"7":0,"8":0,"9":0,"10":0,"11":0,"12":0,"13":0,"14":0,"15":0,"16":0,"17":0,"18":0,"19":0,"20":0,"21":0,"22":0,"23":0,"24":0,"25":0,"26":0,"27":0,"28":0,"29":0,"30":0,"31":0,"32":0,"33":0,"34":0,"35":0,"36":0,"37":0,"38":0},"f":{"0":0,"1":0,"2":0,"3":0,"4":0,"5":0,"6":0,"7":0,"8":0,"9":0,"10":0,"11":0,"12":0,"13":0,"14":0,"15":0},"b":{"0":[0,0,0],"1":[0,0],"2":[0,0],"3":[0,0],"4":[0,0],"5":[0,0],"6":[0,0],"7":[0,0],"8":[0,0],"9":[0,0],"10":[0,0],"11":[0,0],"12":[0,0],"13":[0,0,0],"14":[0,0]},"hash":"6e516ea72a136cb6636fef271e4f80d7b7b00662"}
,"/Users/siman/Documents/Projects/InDeepShip/bow/src/setupTests.js": {"path":"/Users/siman/Documents/Projects/InDeepShip/bow/src/setupTests.js","statementMap":{},"fnMap":{},"branchMap":{},"s":{},"f":{},"b":{},"hash":"f337e0d18fe467c887c0536390059d5174676219"}
,"/Users/siman/Documents/Projects/InDeepShip/bow/src/store.js": {"path":"/Users/siman/Documents/Projects/InDeepShip/bow/src/store.js","statementMap":{"0":{"start":{"line":5,"column":21},"end":{"line":7,"column":1}},"1":{"start":{"line":8,"column":19},"end":{"line":8,"column":31}},"2":{"start":{"line":9,"column":14},"end":{"line":11,"column":2}}},"fnMap":{},"branchMap":{},"s":{"0":0,"1":0,"2":0},"f":{},"b":{},"hash":"818ac156513576cb05d770cd7375e4b79838e0ea"}
,"/Users/siman/Documents/Projects/InDeepShip/bow/src/utility.js": {"path":"/Users/siman/Documents/Projects/InDeepShip/bow/src/utility.js","statementMap":{"0":{"start":{"line":1,"column":28},"end":{"line":6,"column":3}},"1":{"start":{"line":2,"column":4},"end":{"line":5,"column":6}},"2":{"start":{"line":11,"column":35},"end":{"line":22,"column":1}},"3":{"start":{"line":13,"column":23},"end":{"line":13,"column":76}},"4":{"start":{"line":15,"column":4},"end":{"line":21,"column":6}},"5":{"start":{"line":24,"column":39},"end":{"line":32,"column":1}},"6":{"start":{"line":26,"column":2},"end":{"line":31,"column":4}}},"fnMap":{"0":{"name":"(anonymous_0)","decl":{"start":{"line":1,"column":28},"end":{"line":1,"column":29}},"loc":{"start":{"line":1,"column":62},"end":{"line":6,"column":3}},"line":1},"1":{"name":"(anonymous_1)","decl":{"start":{"line":11,"column":35},"end":{"line":11,"column":36}},"loc":{"start":{"line":11,"column":52},"end":{"line":22,"column":1}},"line":11},"2":{"name":"(anonymous_2)","decl":{"start":{"line":24,"column":39},"end":{"line":24,"column":40}},"loc":{"start":{"line":24,"column":45},"end":{"line":32,"column":1}},"line":24}},"branchMap":{"0":{"loc":{"start":{"line":11,"column":36},"end":{"line":11,"column":47}},"type":"default-arg","locations":[{"start":{"line":11,"column":45},"end":{"line":11,"column":47}}],"line":11}},"s":{"0":1,"1":0,"2":1,"3":0,"4":0,"5":1,"6":1},"f":{"0":0,"1":0,"2":1},"b":{"0":[0]},"_coverageSchema":"43e27e138ebf9cfc5966b082cf9a028302ed4184","hash":"e82808421c38ec809439f8fc291c60f4d6ad73b4"}
,"/Users/siman/Documents/Projects/InDeepShip/bow/src/actions/index.js": {"path":"/Users/siman/Documents/Projects/InDeepShip/bow/src/actions/index.js","statementMap":{"0":{"start":{"line":4,"column":33},"end":{"line":8,"column":1}},"1":{"start":{"line":5,"column":2},"end":{"line":7,"column":4}},"2":{"start":{"line":10,"column":35},"end":{"line":14,"column":1}},"3":{"start":{"line":11,"column":2},"end":{"line":13,"column":4}},"4":{"start":{"line":16,"column":32},"end":{"line":20,"column":1}},"5":{"start":{"line":17,"column":2},"end":{"line":19,"column":4}},"6":{"start":{"line":22,"column":25},"end":{"line":26,"column":1}},"7":{"start":{"line":23,"column":2},"end":{"line":25,"column":4}},"8":{"start":{"line":28,"column":27},"end":{"line":34,"column":1}},"9":{"start":{"line":29,"column":2},"end":{"line":33,"column":4}},"10":{"start":{"line":36,"column":24},"end":{"line":41,"column":1}},"11":{"start":{"line":37,"column":2},"end":{"line":40,"column":4}},"12":{"start":{"line":43,"column":22},"end":{"line":52,"column":1}},"13":{"start":{"line":44,"column":2},"end":{"line":44,"column":35}},"14":{"start":{"line":45,"column":2},"end":{"line":45,"column":44}},"15":{"start":{"line":46,"column":2},"end":{"line":46,"column":35}},"16":{"start":{"line":47,"column":2},"end":{"line":47,"column":39}},"17":{"start":{"line":48,"column":2},"end":{"line":48,"column":41}},"18":{"start":{"line":49,"column":2},"end":{"line":51,"column":4}},"19":{"start":{"line":54,"column":32},"end":{"line":60,"column":1}},"20":{"start":{"line":55,"column":2},"end":{"line":59,"column":4}},"21":{"start":{"line":56,"column":4},"end":{"line":58,"column":30}},"22":{"start":{"line":57,"column":6},"end":{"line":57,"column":25}},"23":{"start":{"line":62,"column":26},"end":{"line":89,"column":1}},"24":{"start":{"line":63,"column":2},"end":{"line":88,"column":4}},"25":{"start":{"line":64,"column":4},"end":{"line":64,"column":26}},"26":{"start":{"line":65,"column":4},"end":{"line":87,"column":9}},"27":{"start":{"line":76,"column":22},"end":{"line":76,"column":34}},"28":{"start":{"line":77,"column":21},"end":{"line":77,"column":34}},"29":{"start":{"line":78,"column":31},"end":{"line":78,"column":75}},"30":{"start":{"line":79,"column":8},"end":{"line":79,"column":45}},"31":{"start":{"line":80,"column":8},"end":{"line":80,"column":63}},"32":{"start":{"line":81,"column":8},"end":{"line":81,"column":43}},"33":{"start":{"line":82,"column":8},"end":{"line":82,"column":43}},"34":{"start":{"line":83,"column":8},"end":{"line":83,"column":41}},"35":{"start":{"line":86,"column":8},"end":{"line":86,"column":32}},"36":{"start":{"line":91,"column":35},"end":{"line":107,"column":1}},"37":{"start":{"line":92,"column":2},"end":{"line":106,"column":4}},"38":{"start":{"line":93,"column":4},"end":{"line":93,"column":34}},"39":{"start":{"line":94,"column":4},"end":{"line":105,"column":9}},"40":{"start":{"line":99,"column":24},"end":{"line":99,"column":40}},"41":{"start":{"line":100,"column":8},"end":{"line":100,"column":49}},"42":{"start":{"line":101,"column":8},"end":{"line":101,"column":47}},"43":{"start":{"line":104,"column":8},"end":{"line":104,"column":40}},"44":{"start":{"line":109,"column":25},"end":{"line":132,"column":1}},"45":{"start":{"line":110,"column":2},"end":{"line":131,"column":4}},"46":{"start":{"line":111,"column":4},"end":{"line":111,"column":26}},"47":{"start":{"line":112,"column":4},"end":{"line":130,"column":9}},"48":{"start":{"line":119,"column":22},"end":{"line":119,"column":34}},"49":{"start":{"line":120,"column":21},"end":{"line":120,"column":34}},"50":{"start":{"line":121,"column":31},"end":{"line":121,"column":75}},"51":{"start":{"line":122,"column":8},"end":{"line":122,"column":45}},"52":{"start":{"line":123,"column":8},"end":{"line":123,"column":63}},"53":{"start":{"line":124,"column":8},"end":{"line":124,"column":43}},"54":{"start":{"line":125,"column":8},"end":{"line":125,"column":43}},"55":{"start":{"line":126,"column":8},"end":{"line":126,"column":41}},"56":{"start":{"line":129,"column":8},"end":{"line":129,"column":32}},"57":{"start":{"line":134,"column":25},"end":{"line":149,"column":1}},"58":{"start":{"line":134,"column":31},"end":{"line":149,"column":1}},"59":{"start":{"line":147,"column":2},"end":{"line":147,"column":60}},"60":{"start":{"line":148,"column":2},"end":{"line":148,"column":62}}},"fnMap":{"0":{"name":"(anonymous_0)","decl":{"start":{"line":4,"column":33},"end":{"line":4,"column":34}},"loc":{"start":{"line":4,"column":39},"end":{"line":8,"column":1}},"line":4},"1":{"name":"(anonymous_1)","decl":{"start":{"line":10,"column":35},"end":{"line":10,"column":36}},"loc":{"start":{"line":10,"column":41},"end":{"line":14,"column":1}},"line":10},"2":{"name":"(anonymous_2)","decl":{"start":{"line":16,"column":32},"end":{"line":16,"column":33}},"loc":{"start":{"line":16,"column":38},"end":{"line":20,"column":1}},"line":16},"3":{"name":"(anonymous_3)","decl":{"start":{"line":22,"column":25},"end":{"line":22,"column":26}},"loc":{"start":{"line":22,"column":31},"end":{"line":26,"column":1}},"line":22},"4":{"name":"(anonymous_4)","decl":{"start":{"line":28,"column":27},"end":{"line":28,"column":28}},"loc":{"start":{"line":28,"column":44},"end":{"line":34,"column":1}},"line":28},"5":{"name":"(anonymous_5)","decl":{"start":{"line":36,"column":24},"end":{"line":36,"column":25}},"loc":{"start":{"line":36,"column":35},"end":{"line":41,"column":1}},"line":36},"6":{"name":"(anonymous_6)","decl":{"start":{"line":43,"column":22},"end":{"line":43,"column":23}},"loc":{"start":{"line":43,"column":28},"end":{"line":52,"column":1}},"line":43},"7":{"name":"(anonymous_7)","decl":{"start":{"line":54,"column":32},"end":{"line":54,"column":33}},"loc":{"start":{"line":54,"column":52},"end":{"line":60,"column":1}},"line":54},"8":{"name":"(anonymous_8)","decl":{"start":{"line":55,"column":9},"end":{"line":55,"column":10}},"loc":{"start":{"line":55,"column":21},"end":{"line":59,"column":3}},"line":55},"9":{"name":"(anonymous_9)","decl":{"start":{"line":56,"column":15},"end":{"line":56,"column":16}},"loc":{"start":{"line":56,"column":21},"end":{"line":58,"column":5}},"line":56},"10":{"name":"(anonymous_10)","decl":{"start":{"line":62,"column":26},"end":{"line":62,"column":27}},"loc":{"start":{"line":62,"column":83},"end":{"line":89,"column":1}},"line":62},"11":{"name":"(anonymous_11)","decl":{"start":{"line":63,"column":9},"end":{"line":63,"column":10}},"loc":{"start":{"line":63,"column":21},"end":{"line":88,"column":3}},"line":63},"12":{"name":"(anonymous_12)","decl":{"start":{"line":75,"column":12},"end":{"line":75,"column":13}},"loc":{"start":{"line":75,"column":19},"end":{"line":84,"column":7}},"line":75},"13":{"name":"(anonymous_13)","decl":{"start":{"line":85,"column":13},"end":{"line":85,"column":14}},"loc":{"start":{"line":85,"column":20},"end":{"line":87,"column":7}},"line":85},"14":{"name":"(anonymous_14)","decl":{"start":{"line":91,"column":35},"end":{"line":91,"column":36}},"loc":{"start":{"line":91,"column":57},"end":{"line":107,"column":1}},"line":91},"15":{"name":"(anonymous_15)","decl":{"start":{"line":92,"column":9},"end":{"line":92,"column":10}},"loc":{"start":{"line":92,"column":21},"end":{"line":106,"column":3}},"line":92},"16":{"name":"(anonymous_16)","decl":{"start":{"line":98,"column":12},"end":{"line":98,"column":13}},"loc":{"start":{"line":98,"column":21},"end":{"line":102,"column":7}},"line":98},"17":{"name":"(anonymous_17)","decl":{"start":{"line":103,"column":13},"end":{"line":103,"column":14}},"loc":{"start":{"line":103,"column":22},"end":{"line":105,"column":7}},"line":103},"18":{"name":"(anonymous_18)","decl":{"start":{"line":109,"column":25},"end":{"line":109,"column":26}},"loc":{"start":{"line":109,"column":46},"end":{"line":132,"column":1}},"line":109},"19":{"name":"(anonymous_19)","decl":{"start":{"line":110,"column":9},"end":{"line":110,"column":10}},"loc":{"start":{"line":110,"column":21},"end":{"line":131,"column":3}},"line":110},"20":{"name":"(anonymous_20)","decl":{"start":{"line":118,"column":12},"end":{"line":118,"column":13}},"loc":{"start":{"line":118,"column":21},"end":{"line":127,"column":7}},"line":118},"21":{"name":"(anonymous_21)","decl":{"start":{"line":128,"column":13},"end":{"line":128,"column":14}},"loc":{"start":{"line":128,"column":22},"end":{"line":130,"column":7}},"line":128},"22":{"name":"(anonymous_22)","decl":{"start":{"line":134,"column":25},"end":{"line":134,"column":26}},"loc":{"start":{"line":134,"column":31},"end":{"line":149,"column":1}},"line":134},"23":{"name":"(anonymous_23)","decl":{"start":{"line":134,"column":31},"end":{"line":134,"column":32}},"loc":{"start":{"line":134,"column":51},"end":{"line":149,"column":1}},"line":134}},"branchMap":{},"s":{"0":0,"1":0,"2":0,"3":0,"4":0,"5":0,"6":0,"7":0,"8":0,"9":0,"10":0,"11":0,"12":0,"13":0,"14":0,"15":0,"16":0,"17":0,"18":0,"19":0,"20":0,"21":0,"22":0,"23":0,"24":0,"25":0,"26":0,"27":0,"28":0,"29":0,"30":0,"31":0,"32":0,"33":0,"34":0,"35":0,"36":0,"37":0,"38":0,"39":0,"40":0,"41":0,"42":0,"43":0,"44":0,"45":0,"46":0,"47":0,"48":0,"49":0,"50":0,"51":0,"52":0,"53":0,"54":0,"55":0,"56":0,"57":0,"58":0,"59":0,"60":0},"f":{"0":0,"1":0,"2":0,"3":0,"4":0,"5":0,"6":0,"7":0,"8":0,"9":0,"10":0,"11":0,"12":0,"13":0,"14":0,"15":0,"16":0,"17":0,"18":0,"19":0,"20":0,"21":0,"22":0,"23":0},"b":{},"hash":"da0d3e0ceece3040691c0cc70896906ae2842abf"}
,"/Users/siman/Documents/Projects/InDeepShip/bow/src/actions/types.js": {"path":"/Users/siman/Documents/Projects/InDeepShip/bow/src/actions/types.js","statementMap":{"0":{"start":{"line":1,"column":26},"end":{"line":1,"column":38}},"1":{"start":{"line":2,"column":28},"end":{"line":2,"column":42}},"2":{"start":{"line":3,"column":26},"end":{"line":3,"column":38}},"3":{"start":{"line":4,"column":28},"end":{"line":4,"column":42}},"4":{"start":{"line":5,"column":25},"end":{"line":5,"column":36}},"5":{"start":{"line":6,"column":27},"end":{"line":6,"column":40}},"6":{"start":{"line":7,"column":33},"end":{"line":7,"column":52}},"7":{"start":{"line":8,"column":36},"end":{"line":8,"column":58}},"8":{"start":{"line":9,"column":34},"end":{"line":9,"column":54}}},"fnMap":{},"branchMap":{},"s":{"0":0,"1":0,"2":0,"3":0,"4":0,"5":0,"6":0,"7":0,"8":0},"f":{},"b":{},"hash":"4d44ff1c1e3a54a70415a852184403c42726bf95"}
,"/Users/siman/Documents/Projects/InDeepShip/bow/src/components/App.js": {"path":"/Users/siman/Documents/Projects/InDeepShip/bow/src/components/App.js","statementMap":{"0":{"start":{"line":27,"column":21},"end":{"line":34,"column":3}},"1":{"start":{"line":30,"column":4},"end":{"line":33,"column":6}},"2":{"start":{"line":38,"column":4},"end":{"line":38,"column":17}},"3":{"start":{"line":39,"column":4},"end":{"line":39,"column":40}},"4":{"start":{"line":43,"column":4},"end":{"line":43,"column":27}},"5":{"start":{"line":47,"column":4},"end":{"line":47,"column":56}},"6":{"start":{"line":49,"column":4},"end":{"line":105,"column":10}},"7":{"start":{"line":88,"column":12},"end":{"line":93,"column":15}},"8":{"start":{"line":89,"column":14},"end":{"line":92,"column":15}},"9":{"start":{"line":91,"column":16},"end":{"line":91,"column":41}},"10":{"start":{"line":94,"column":12},"end":{"line":94,"column":24}},"11":{"start":{"line":110,"column":2},"end":{"line":110,"column":29}}},"fnMap":{"0":{"name":"(anonymous_0)","decl":{"start":{"line":27,"column":21},"end":{"line":27,"column":22}},"loc":{"start":{"line":30,"column":4},"end":{"line":33,"column":6}},"line":30},"1":{"name":"(anonymous_1)","decl":{"start":{"line":37,"column":2},"end":{"line":37,"column":3}},"loc":{"start":{"line":37,"column":21},"end":{"line":40,"column":3}},"line":37},"2":{"name":"(anonymous_2)","decl":{"start":{"line":42,"column":2},"end":{"line":42,"column":3}},"loc":{"start":{"line":42,"column":22},"end":{"line":44,"column":3}},"line":42},"3":{"name":"(anonymous_3)","decl":{"start":{"line":46,"column":2},"end":{"line":46,"column":3}},"loc":{"start":{"line":46,"column":11},"end":{"line":106,"column":3}},"line":46},"4":{"name":"(anonymous_4)","decl":{"start":{"line":86,"column":18},"end":{"line":86,"column":19}},"loc":{"start":{"line":86,"column":35},"end":{"line":95,"column":11}},"line":86},"5":{"name":"(anonymous_5)","decl":{"start":{"line":88,"column":27},"end":{"line":88,"column":28}},"loc":{"start":{"line":88,"column":33},"end":{"line":93,"column":13}},"line":88},"6":{"name":"mapStateToProps","decl":{"start":{"line":109,"column":9},"end":{"line":109,"column":24}},"loc":{"start":{"line":109,"column":46},"end":{"line":111,"column":1}},"line":109}},"branchMap":{"0":{"loc":{"start":{"line":32,"column":17},"end":{"line":32,"column":47}},"type":"cond-expr","locations":[{"start":{"line":32,"column":28},"end":{"line":32,"column":37}},{"start":{"line":32,"column":40},"end":{"line":32,"column":47}}],"line":32},"1":{"loc":{"start":{"line":49,"column":11},"end":{"line":105,"column":9}},"type":"cond-expr","locations":[{"start":{"line":50,"column":6},"end":{"line":97,"column":9}},{"start":{"line":98,"column":8},"end":{"line":105,"column":9}}],"line":49},"2":{"loc":{"start":{"line":82,"column":11},"end":{"line":82,"column":66}},"type":"cond-expr","locations":[{"start":{"line":82,"column":29},"end":{"line":82,"column":34}},{"start":{"line":82,"column":37},"end":{"line":82,"column":66}}],"line":82},"3":{"loc":{"start":{"line":89,"column":14},"end":{"line":92,"column":15}},"type":"if","locations":[{"start":{"line":89,"column":14},"end":{"line":92,"column":15}},{"start":{"line":89,"column":14},"end":{"line":92,"column":15}}],"line":89},"4":{"loc":{"start":{"line":98,"column":8},"end":{"line":105,"column":9}},"type":"cond-expr","locations":[{"start":{"line":99,"column":6},"end":{"line":99,"column":26}},{"start":{"line":101,"column":10},"end":{"line":104,"column":13}}],"line":98}},"s":{"0":0,"1":0,"2":0,"3":0,"4":0,"5":0,"6":0,"7":0,"8":0,"9":0,"10":0,"11":0},"f":{"0":0,"1":0,"2":0,"3":0,"4":0,"5":0,"6":0},"b":{"0":[0,0],"1":[0,0],"2":[0,0],"3":[0,0],"4":[0,0]},"hash":"d8e56879064852f2d855da3921e201f19d741dde"}
,"/Users/siman/Documents/Projects/InDeepShip/bow/src/components/ContactUs.js": {"path":"/Users/siman/Documents/Projects/InDeepShip/bow/src/components/ContactUs.js","statementMap":{"0":{"start":{"line":7,"column":8},"end":{"line":7,"column":21}},"1":{"start":{"line":9,"column":8},"end":{"line":9,"column":24}},"2":{"start":{"line":13,"column":8},"end":{"line":33,"column":10}}},"fnMap":{"0":{"name":"(anonymous_0)","decl":{"start":{"line":6,"column":4},"end":{"line":6,"column":5}},"loc":{"start":{"line":6,"column":23},"end":{"line":10,"column":5}},"line":6},"1":{"name":"(anonymous_1)","decl":{"start":{"line":12,"column":4},"end":{"line":12,"column":5}},"loc":{"start":{"line":12,"column":13},"end":{"line":34,"column":5}},"line":12}},"branchMap":{},"s":{"0":0,"1":0,"2":0},"f":{"0":0,"1":0},"b":{},"hash":"bfe0dfd294570894a6bbc0a7e304b49ecebc89db"}
,"/Users/siman/Documents/Projects/InDeepShip/bow/src/components/Dashboard.js": {"path":"/Users/siman/Documents/Projects/InDeepShip/bow/src/components/Dashboard.js","statementMap":{"0":{"start":{"line":8,"column":8},"end":{"line":8,"column":21}},"1":{"start":{"line":10,"column":8},"end":{"line":10,"column":24}},"2":{"start":{"line":14,"column":8},"end":{"line":174,"column":10}},"3":{"start":{"line":178,"column":24},"end":{"line":182,"column":1}},"4":{"start":{"line":179,"column":4},"end":{"line":181,"column":5}},"5":{"start":{"line":184,"column":18},"end":{"line":186,"column":16}}},"fnMap":{"0":{"name":"(anonymous_0)","decl":{"start":{"line":7,"column":4},"end":{"line":7,"column":5}},"loc":{"start":{"line":7,"column":23},"end":{"line":11,"column":5}},"line":7},"1":{"name":"(anonymous_1)","decl":{"start":{"line":13,"column":4},"end":{"line":13,"column":5}},"loc":{"start":{"line":13,"column":13},"end":{"line":175,"column":5}},"line":13},"2":{"name":"(anonymous_2)","decl":{"start":{"line":178,"column":24},"end":{"line":178,"column":25}},"loc":{"start":{"line":178,"column":35},"end":{"line":182,"column":1}},"line":178}},"branchMap":{},"s":{"0":0,"1":0,"2":0,"3":0,"4":0,"5":0},"f":{"0":0,"1":0,"2":0},"b":{},"hash":"e9de553f840db60d7f0758aa07bb5cec9397c477"}
,"/Users/siman/Documents/Projects/InDeepShip/bow/src/components/DropZoneField.js": {"path":"/Users/siman/Documents/Projects/InDeepShip/bow/src/components/DropZoneField.js","statementMap":{"0":{"start":{"line":5,"column":25},"end":{"line":5,"column":66}},"1":{"start":{"line":8,"column":11},"end":{"line":41,"column":3}},"2":{"start":{"line":9,"column":25},"end":{"line":9,"column":41}},"3":{"start":{"line":10,"column":18},"end":{"line":10,"column":20}},"4":{"start":{"line":12,"column":4},"end":{"line":12,"column":58}},"5":{"start":{"line":13,"column":4},"end":{"line":13,"column":58}},"6":{"start":{"line":15,"column":4},"end":{"line":28,"column":6}},"7":{"start":{"line":16,"column":14},"end":{"line":27,"column":7}},"8":{"start":{"line":29,"column":4},"end":{"line":37,"column":6}},"9":{"start":{"line":30,"column":14},"end":{"line":36,"column":8}},"10":{"start":{"line":39,"column":4},"end":{"line":39,"column":20}},"11":{"start":{"line":40,"column":4},"end":{"line":40,"column":23}},"12":{"start":{"line":44,"column":18},"end":{"line":44,"column":40}},"13":{"start":{"line":45,"column":4},"end":{"line":69,"column":6}},"14":{"start":{"line":54,"column":12},"end":{"line":65,"column":18}}},"fnMap":{"0":{"name":"(anonymous_0)","decl":{"start":{"line":8,"column":11},"end":{"line":8,"column":12}},"loc":{"start":{"line":8,"column":51},"end":{"line":41,"column":3}},"line":8},"1":{"name":"(anonymous_1)","decl":{"start":{"line":16,"column":6},"end":{"line":16,"column":7}},"loc":{"start":{"line":16,"column":14},"end":{"line":27,"column":7}},"line":16},"2":{"name":"(anonymous_2)","decl":{"start":{"line":30,"column":6},"end":{"line":30,"column":7}},"loc":{"start":{"line":30,"column":14},"end":{"line":36,"column":8}},"line":30},"3":{"name":"(anonymous_3)","decl":{"start":{"line":43,"column":2},"end":{"line":43,"column":3}},"loc":{"start":{"line":43,"column":11},"end":{"line":70,"column":3}},"line":43},"4":{"name":"(anonymous_4)","decl":{"start":{"line":53,"column":11},"end":{"line":53,"column":12}},"loc":{"start":{"line":54,"column":12},"end":{"line":65,"column":18}},"line":54}},"branchMap":{"0":{"loc":{"start":{"line":56,"column":15},"end":{"line":64,"column":17}},"type":"cond-expr","locations":[{"start":{"line":57,"column":16},"end":{"line":57,"column":100}},{"start":{"line":59,"column":18},"end":{"line":63,"column":24}}],"line":56},"1":{"loc":{"start":{"line":56,"column":15},"end":{"line":56,"column":40}},"type":"binary-expr","locations":[{"start":{"line":56,"column":15},"end":{"line":56,"column":20}},{"start":{"line":56,"column":24},"end":{"line":56,"column":40}}],"line":56}},"s":{"0":0,"1":0,"2":0,"3":0,"4":0,"5":0,"6":0,"7":0,"8":0,"9":0,"10":0,"11":0,"12":0,"13":0,"14":0},"f":{"0":0,"1":0,"2":0,"3":0,"4":0},"b":{"0":[0,0],"1":[0,0]},"hash":"6f5b3373397fa52624040a588377bd5b093f2525"}
,"/Users/siman/Documents/Projects/InDeepShip/bow/src/components/EditProfile.js": {"path":"/Users/siman/Documents/Projects/InDeepShip/bow/src/components/EditProfile.js","statementMap":{"0":{"start":{"line":13,"column":4},"end":{"line":13,"column":16}},"1":{"start":{"line":15,"column":4},"end":{"line":15,"column":19}},"2":{"start":{"line":19,"column":4},"end":{"line":44,"column":6}},"3":{"start":{"line":49,"column":2},"end":{"line":49,"column":27}}},"fnMap":{"0":{"name":"(anonymous_0)","decl":{"start":{"line":12,"column":2},"end":{"line":12,"column":3}},"loc":{"start":{"line":12,"column":21},"end":{"line":16,"column":3}},"line":12},"1":{"name":"(anonymous_1)","decl":{"start":{"line":18,"column":2},"end":{"line":18,"column":3}},"loc":{"start":{"line":18,"column":11},"end":{"line":45,"column":3}},"line":18},"2":{"name":"mapStateToProps","decl":{"start":{"line":48,"column":9},"end":{"line":48,"column":24}},"loc":{"start":{"line":48,"column":44},"end":{"line":50,"column":1}},"line":48}},"branchMap":{},"s":{"0":0,"1":0,"2":0,"3":0},"f":{"0":0,"1":0,"2":0},"b":{},"hash":"464acabd71b3329a56b1e1121320ba77dff3efae"}
,"/Users/siman/Documents/Projects/InDeepShip/bow/src/components/ErrorPage.js": {"path":"/Users/siman/Documents/Projects/InDeepShip/bow/src/components/ErrorPage.js","statementMap":{"0":{"start":{"line":5,"column":2},"end":{"line":10,"column":8}}},"fnMap":{"0":{"name":"(anonymous_0)","decl":{"start":{"line":4,"column":15},"end":{"line":4,"column":16}},"loc":{"start":{"line":5,"column":2},"end":{"line":10,"column":8}},"line":5}},"branchMap":{},"s":{"0":0},"f":{"0":0},"b":{},"hash":"59da86d94444148774cc719e3c752103152ba093"}
,"/Users/siman/Documents/Projects/InDeepShip/bow/src/components/Footer.js": {"path":"/Users/siman/Documents/Projects/InDeepShip/bow/src/components/Footer.js","statementMap":{"0":{"start":{"line":8,"column":8},"end":{"line":8,"column":21}},"1":{"start":{"line":10,"column":8},"end":{"line":12,"column":10}},"2":{"start":{"line":16,"column":22},"end":{"line":16,"column":46}},"3":{"start":{"line":17,"column":26},"end":{"line":17,"column":41}},"4":{"start":{"line":19,"column":8},"end":{"line":24,"column":62}},"5":{"start":{"line":24,"column":32},"end":{"line":24,"column":58}},"6":{"start":{"line":28,"column":8},"end":{"line":30,"column":11}},"7":{"start":{"line":34,"column":8},"end":{"line":67,"column":10}},"8":{"start":{"line":56,"column":131},"end":{"line":56,"column":158}},"9":{"start":{"line":59,"column":97},"end":{"line":59,"column":125}}},"fnMap":{"0":{"name":"(anonymous_0)","decl":{"start":{"line":7,"column":4},"end":{"line":7,"column":5}},"loc":{"start":{"line":7,"column":23},"end":{"line":13,"column":5}},"line":7},"1":{"name":"(anonymous_1)","decl":{"start":{"line":15,"column":4},"end":{"line":15,"column":5}},"loc":{"start":{"line":15,"column":28},"end":{"line":25,"column":5}},"line":15},"2":{"name":"(anonymous_2)","decl":{"start":{"line":24,"column":18},"end":{"line":24,"column":19}},"loc":{"start":{"line":24,"column":30},"end":{"line":24,"column":60}},"line":24},"3":{"name":"(anonymous_3)","decl":{"start":{"line":27,"column":4},"end":{"line":27,"column":5}},"loc":{"start":{"line":27,"column":27},"end":{"line":31,"column":5}},"line":27},"4":{"name":"(anonymous_4)","decl":{"start":{"line":33,"column":4},"end":{"line":33,"column":5}},"loc":{"start":{"line":33,"column":13},"end":{"line":68,"column":5}},"line":33},"5":{"name":"(anonymous_5)","decl":{"start":{"line":56,"column":124},"end":{"line":56,"column":125}},"loc":{"start":{"line":56,"column":131},"end":{"line":56,"column":158}},"line":56},"6":{"name":"(anonymous_6)","decl":{"start":{"line":59,"column":91},"end":{"line":59,"column":92}},"loc":{"start":{"line":59,"column":97},"end":{"line":59,"column":125}},"line":59}},"branchMap":{},"s":{"0":0,"1":0,"2":0,"3":0,"4":0,"5":0,"6":0,"7":0,"8":0,"9":0},"f":{"0":0,"1":0,"2":0,"3":0,"4":0,"5":0,"6":0},"b":{},"hash":"06b62da07c05de44d5a76ce553cb527fc8df2d55"}
,"/Users/siman/Documents/Projects/InDeepShip/bow/src/components/Landing.js": {"path":"/Users/siman/Documents/Projects/InDeepShip/bow/src/components/Landing.js","statementMap":{"0":{"start":{"line":11,"column":4},"end":{"line":11,"column":17}},"1":{"start":{"line":12,"column":4},"end":{"line":15,"column":5}},"2":{"start":{"line":16,"column":4},"end":{"line":27,"column":8}},"3":{"start":{"line":21,"column":26},"end":{"line":21,"column":41}},"4":{"start":{"line":23,"column":8},"end":{"line":26,"column":10}},"5":{"start":{"line":30,"column":4},"end":{"line":88,"column":6}},"6":{"start":{"line":70,"column":22},"end":{"line":74,"column":24}}},"fnMap":{"0":{"name":"(anonymous_0)","decl":{"start":{"line":10,"column":2},"end":{"line":10,"column":3}},"loc":{"start":{"line":10,"column":21},"end":{"line":28,"column":3}},"line":10},"1":{"name":"(anonymous_1)","decl":{"start":{"line":21,"column":12},"end":{"line":21,"column":13}},"loc":{"start":{"line":21,"column":26},"end":{"line":21,"column":41}},"line":21},"2":{"name":"(anonymous_2)","decl":{"start":{"line":22,"column":12},"end":{"line":22,"column":13}},"loc":{"start":{"line":22,"column":20},"end":{"line":27,"column":7}},"line":22},"3":{"name":"(anonymous_3)","decl":{"start":{"line":29,"column":2},"end":{"line":29,"column":3}},"loc":{"start":{"line":29,"column":11},"end":{"line":89,"column":3}},"line":29},"4":{"name":"(anonymous_4)","decl":{"start":{"line":69,"column":42},"end":{"line":69,"column":43}},"loc":{"start":{"line":69,"column":59},"end":{"line":75,"column":19}},"line":69}},"branchMap":{"0":{"loc":{"start":{"line":80,"column":12},"end":{"line":83,"column":19}},"type":"binary-expr","locations":[{"start":{"line":80,"column":12},"end":{"line":80,"column":30}},{"start":{"line":81,"column":12},"end":{"line":83,"column":19}}],"line":80}},"s":{"0":0,"1":0,"2":0,"3":0,"4":0,"5":0,"6":0},"f":{"0":0,"1":0,"2":0,"3":0,"4":0},"b":{"0":[0,0]},"hash":"b8f0c33f0cca55389a9a9b6c72d7d79ec41353fa"}
,"/Users/siman/Documents/Projects/InDeepShip/bow/src/components/Login.js": {"path":"/Users/siman/Documents/Projects/InDeepShip/bow/src/components/Login.js","statementMap":{"0":{"start":{"line":9,"column":4},"end":{"line":9,"column":17}},"1":{"start":{"line":11,"column":4},"end":{"line":14,"column":6}},"2":{"start":{"line":16,"column":4},"end":{"line":18,"column":5}},"3":{"start":{"line":17,"column":6},"end":{"line":17,"column":48}},"4":{"start":{"line":21,"column":13},"end":{"line":26,"column":3}},"5":{"start":{"line":22,"column":4},"end":{"line":22,"column":23}},"6":{"start":{"line":24,"column":32},"end":{"line":24,"column":42}},"7":{"start":{"line":25,"column":4},"end":{"line":25,"column":38}},"8":{"start":{"line":28,"column":17},"end":{"line":30,"column":3}},"9":{"start":{"line":29,"column":4},"end":{"line":29,"column":55}},"10":{"start":{"line":33,"column":38},"end":{"line":33,"column":48}},"11":{"start":{"line":34,"column":29},"end":{"line":34,"column":72}},"12":{"start":{"line":36,"column":4},"end":{"line":38,"column":5}},"13":{"start":{"line":37,"column":6},"end":{"line":37,"column":59}},"14":{"start":{"line":40,"column":4},"end":{"line":40,"column":56}},"15":{"start":{"line":41,"column":4},"end":{"line":93,"column":6}},"16":{"start":{"line":74,"column":109},"end":{"line":74,"column":148}},"17":{"start":{"line":97,"column":24},"end":{"line":103,"column":1}},"18":{"start":{"line":98,"column":2},"end":{"line":102,"column":4}},"19":{"start":{"line":105,"column":27},"end":{"line":109,"column":1}},"20":{"start":{"line":106,"column":2},"end":{"line":108,"column":4}},"21":{"start":{"line":107,"column":32},"end":{"line":107,"column":68}},"22":{"start":{"line":111,"column":14},"end":{"line":114,"column":12}}},"fnMap":{"0":{"name":"(anonymous_0)","decl":{"start":{"line":8,"column":2},"end":{"line":8,"column":3}},"loc":{"start":{"line":8,"column":21},"end":{"line":19,"column":3}},"line":8},"1":{"name":"(anonymous_1)","decl":{"start":{"line":21,"column":13},"end":{"line":21,"column":14}},"loc":{"start":{"line":21,"column":20},"end":{"line":26,"column":3}},"line":21},"2":{"name":"(anonymous_2)","decl":{"start":{"line":28,"column":17},"end":{"line":28,"column":18}},"loc":{"start":{"line":28,"column":24},"end":{"line":30,"column":3}},"line":28},"3":{"name":"(anonymous_3)","decl":{"start":{"line":32,"column":2},"end":{"line":32,"column":3}},"loc":{"start":{"line":32,"column":11},"end":{"line":94,"column":3}},"line":32},"4":{"name":"(anonymous_4)","decl":{"start":{"line":74,"column":101},"end":{"line":74,"column":102}},"loc":{"start":{"line":74,"column":107},"end":{"line":74,"column":150}},"line":74},"5":{"name":"(anonymous_5)","decl":{"start":{"line":97,"column":24},"end":{"line":97,"column":25}},"loc":{"start":{"line":97,"column":35},"end":{"line":103,"column":1}},"line":97},"6":{"name":"(anonymous_6)","decl":{"start":{"line":105,"column":27},"end":{"line":105,"column":28}},"loc":{"start":{"line":105,"column":41},"end":{"line":109,"column":1}},"line":105},"7":{"name":"(anonymous_7)","decl":{"start":{"line":107,"column":11},"end":{"line":107,"column":12}},"loc":{"start":{"line":107,"column":32},"end":{"line":107,"column":68}},"line":107}},"branchMap":{"0":{"loc":{"start":{"line":16,"column":4},"end":{"line":18,"column":5}},"type":"if","locations":[{"start":{"line":16,"column":4},"end":{"line":18,"column":5}},{"start":{"line":16,"column":4},"end":{"line":18,"column":5}}],"line":16},"1":{"loc":{"start":{"line":34,"column":29},"end":{"line":34,"column":72}},"type":"cond-expr","locations":[{"start":{"line":34,"column":39},"end":{"line":34,"column":58}},{"start":{"line":34,"column":61},"end":{"line":34,"column":72}}],"line":34},"2":{"loc":{"start":{"line":36,"column":4},"end":{"line":38,"column":5}},"type":"if","locations":[{"start":{"line":36,"column":4},"end":{"line":38,"column":5}},{"start":{"line":36,"column":4},"end":{"line":38,"column":5}}],"line":36},"3":{"loc":{"start":{"line":83,"column":17},"end":{"line":87,"column":17}},"type":"binary-expr","locations":[{"start":{"line":83,"column":17},"end":{"line":83,"column":24}},{"start":{"line":84,"column":18},"end":{"line":86,"column":25}}],"line":83}},"s":{"0":0,"1":0,"2":0,"3":0,"4":0,"5":0,"6":0,"7":0,"8":0,"9":0,"10":0,"11":0,"12":0,"13":0,"14":0,"15":0,"16":0,"17":0,"18":0,"19":0,"20":0,"21":0,"22":0},"f":{"0":0,"1":0,"2":0,"3":0,"4":0,"5":0,"6":0,"7":0},"b":{"0":[0,0],"1":[0,0],"2":[0,0],"3":[0,0]},"hash":"c1f88d42ff8153ce3f8640b8455accc94a2cf05b"}
,"/Users/siman/Documents/Projects/InDeepShip/bow/src/components/NavBar.js": {"path":"/Users/siman/Documents/Projects/InDeepShip/bow/src/components/NavBar.js","statementMap":{"0":{"start":{"line":17,"column":4},"end":{"line":17,"column":17}},"1":{"start":{"line":19,"column":4},"end":{"line":19,"column":55}},"2":{"start":{"line":20,"column":4},"end":{"line":20,"column":65}},"3":{"start":{"line":22,"column":4},"end":{"line":26,"column":5}},"4":{"start":{"line":28,"column":4},"end":{"line":28,"column":43}},"5":{"start":{"line":31,"column":11},"end":{"line":31,"column":62}},"6":{"start":{"line":31,"column":19},"end":{"line":31,"column":60}},"7":{"start":{"line":32,"column":10},"end":{"line":32,"column":50}},"8":{"start":{"line":32,"column":18},"end":{"line":32,"column":48}},"9":{"start":{"line":36,"column":4},"end":{"line":36,"column":27}},"10":{"start":{"line":41,"column":4},"end":{"line":41,"column":33}},"11":{"start":{"line":42,"column":4},"end":{"line":44,"column":5}},"12":{"start":{"line":43,"column":6},"end":{"line":43,"column":18}},"13":{"start":{"line":49,"column":26},"end":{"line":57,"column":3}},"14":{"start":{"line":51,"column":4},"end":{"line":56,"column":5}},"15":{"start":{"line":52,"column":6},"end":{"line":55,"column":8}},"16":{"start":{"line":59,"column":17},"end":{"line":61,"column":3}},"17":{"start":{"line":60,"column":4},"end":{"line":60,"column":23}},"18":{"start":{"line":63,"column":4},"end":{"line":85,"column":5}},"19":{"start":{"line":64,"column":25},"end":{"line":64,"column":64}},"20":{"start":{"line":65,"column":24},"end":{"line":65,"column":43}},"21":{"start":{"line":66,"column":6},"end":{"line":84,"column":8}},"22":{"start":{"line":89,"column":4},"end":{"line":104,"column":5}},"23":{"start":{"line":90,"column":6},"end":{"line":103,"column":8}},"24":{"start":{"line":108,"column":4},"end":{"line":119,"column":5}},"25":{"start":{"line":109,"column":6},"end":{"line":118,"column":8}},"26":{"start":{"line":124,"column":4},"end":{"line":128,"column":14}},"27":{"start":{"line":125,"column":6},"end":{"line":127,"column":9}},"28":{"start":{"line":131,"column":4},"end":{"line":131,"column":68}},"29":{"start":{"line":135,"column":4},"end":{"line":135,"column":71}},"30":{"start":{"line":139,"column":21},"end":{"line":139,"column":31}},"31":{"start":{"line":140,"column":22},"end":{"line":140,"column":75}},"32":{"start":{"line":142,"column":4},"end":{"line":189,"column":6}},"33":{"start":{"line":193,"column":24},"end":{"line":197,"column":1}},"34":{"start":{"line":194,"column":2},"end":{"line":196,"column":4}},"35":{"start":{"line":199,"column":27},"end":{"line":203,"column":1}},"36":{"start":{"line":200,"column":2},"end":{"line":202,"column":4}},"37":{"start":{"line":201,"column":18},"end":{"line":201,"column":36}}},"fnMap":{"0":{"name":"(anonymous_0)","decl":{"start":{"line":16,"column":2},"end":{"line":16,"column":3}},"loc":{"start":{"line":16,"column":21},"end":{"line":29,"column":3}},"line":16},"1":{"name":"(anonymous_1)","decl":{"start":{"line":31,"column":11},"end":{"line":31,"column":12}},"loc":{"start":{"line":31,"column":17},"end":{"line":31,"column":62}},"line":31},"2":{"name":"(anonymous_2)","decl":{"start":{"line":32,"column":10},"end":{"line":32,"column":11}},"loc":{"start":{"line":32,"column":16},"end":{"line":32,"column":50}},"line":32},"3":{"name":"(anonymous_3)","decl":{"start":{"line":35,"column":2},"end":{"line":35,"column":3}},"loc":{"start":{"line":35,"column":22},"end":{"line":37,"column":3}},"line":35},"4":{"name":"(anonymous_4)","decl":{"start":{"line":40,"column":2},"end":{"line":40,"column":3}},"loc":{"start":{"line":40,"column":28},"end":{"line":45,"column":3}},"line":40},"5":{"name":"(anonymous_5)","decl":{"start":{"line":49,"column":26},"end":{"line":49,"column":27}},"loc":{"start":{"line":49,"column":37},"end":{"line":57,"column":3}},"line":49},"6":{"name":"(anonymous_6)","decl":{"start":{"line":59,"column":17},"end":{"line":59,"column":18}},"loc":{"start":{"line":59,"column":23},"end":{"line":61,"column":3}},"line":59},"7":{"name":"(anonymous_7)","decl":{"start":{"line":62,"column":2},"end":{"line":62,"column":3}},"loc":{"start":{"line":62,"column":22},"end":{"line":86,"column":3}},"line":62},"8":{"name":"(anonymous_8)","decl":{"start":{"line":88,"column":2},"end":{"line":88,"column":3}},"loc":{"start":{"line":88,"column":21},"end":{"line":105,"column":3}},"line":88},"9":{"name":"(anonymous_9)","decl":{"start":{"line":107,"column":2},"end":{"line":107,"column":3}},"loc":{"start":{"line":107,"column":17},"end":{"line":120,"column":3}},"line":107},"10":{"name":"(anonymous_10)","decl":{"start":{"line":123,"column":2},"end":{"line":123,"column":3}},"loc":{"start":{"line":123,"column":22},"end":{"line":132,"column":3}},"line":123},"11":{"name":"(anonymous_11)","decl":{"start":{"line":124,"column":38},"end":{"line":124,"column":39}},"loc":{"start":{"line":124,"column":44},"end":{"line":128,"column":5}},"line":124},"12":{"name":"(anonymous_12)","decl":{"start":{"line":134,"column":2},"end":{"line":134,"column":3}},"loc":{"start":{"line":134,"column":25},"end":{"line":136,"column":3}},"line":134},"13":{"name":"(anonymous_13)","decl":{"start":{"line":138,"column":2},"end":{"line":138,"column":3}},"loc":{"start":{"line":138,"column":11},"end":{"line":190,"column":3}},"line":138},"14":{"name":"(anonymous_14)","decl":{"start":{"line":193,"column":24},"end":{"line":193,"column":25}},"loc":{"start":{"line":193,"column":35},"end":{"line":197,"column":1}},"line":193},"15":{"name":"(anonymous_15)","decl":{"start":{"line":199,"column":27},"end":{"line":199,"column":28}},"loc":{"start":{"line":199,"column":41},"end":{"line":203,"column":1}},"line":199},"16":{"name":"(anonymous_16)","decl":{"start":{"line":201,"column":12},"end":{"line":201,"column":13}},"loc":{"start":{"line":201,"column":18},"end":{"line":201,"column":36}},"line":201}},"branchMap":{"0":{"loc":{"start":{"line":42,"column":4},"end":{"line":44,"column":5}},"type":"if","locations":[{"start":{"line":42,"column":4},"end":{"line":44,"column":5}},{"start":{"line":42,"column":4},"end":{"line":44,"column":5}}],"line":42},"1":{"loc":{"start":{"line":42,"column":8},"end":{"line":42,"column":66}},"type":"binary-expr","locations":[{"start":{"line":42,"column":8},"end":{"line":42,"column":23}},{"start":{"line":42,"column":27},"end":{"line":42,"column":66}}],"line":42},"2":{"loc":{"start":{"line":51,"column":4},"end":{"line":56,"column":5}},"type":"if","locations":[{"start":{"line":51,"column":4},"end":{"line":56,"column":5}},{"start":{"line":51,"column":4},"end":{"line":56,"column":5}}],"line":51},"3":{"loc":{"start":{"line":63,"column":4},"end":{"line":85,"column":5}},"type":"if","locations":[{"start":{"line":63,"column":4},"end":{"line":85,"column":5}},{"start":{"line":63,"column":4},"end":{"line":85,"column":5}}],"line":63},"4":{"loc":{"start":{"line":89,"column":4},"end":{"line":104,"column":5}},"type":"if","locations":[{"start":{"line":89,"column":4},"end":{"line":104,"column":5}},{"start":{"line":89,"column":4},"end":{"line":104,"column":5}}],"line":89},"5":{"loc":{"start":{"line":108,"column":4},"end":{"line":119,"column":5}},"type":"if","locations":[{"start":{"line":108,"column":4},"end":{"line":119,"column":5}},{"start":{"line":108,"column":4},"end":{"line":119,"column":5}}],"line":108},"6":{"loc":{"start":{"line":140,"column":22},"end":{"line":140,"column":75}},"type":"cond-expr","locations":[{"start":{"line":140,"column":44},"end":{"line":140,"column":61}},{"start":{"line":140,"column":64},"end":{"line":140,"column":75}}],"line":140},"7":{"loc":{"start":{"line":151,"column":51},"end":{"line":151,"column":74}},"type":"cond-expr","locations":[{"start":{"line":151,"column":58},"end":{"line":151,"column":69}},{"start":{"line":151,"column":72},"end":{"line":151,"column":74}}],"line":151},"8":{"loc":{"start":{"line":161,"column":43},"end":{"line":161,"column":66}},"type":"cond-expr","locations":[{"start":{"line":161,"column":50},"end":{"line":161,"column":61}},{"start":{"line":161,"column":64},"end":{"line":161,"column":66}}],"line":161}},"s":{"0":0,"1":0,"2":0,"3":0,"4":0,"5":0,"6":0,"7":0,"8":0,"9":0,"10":0,"11":0,"12":0,"13":0,"14":0,"15":0,"16":0,"17":0,"18":0,"19":0,"20":0,"21":0,"22":0,"23":0,"24":0,"25":0,"26":0,"27":0,"28":0,"29":0,"30":0,"31":0,"32":0,"33":0,"34":0,"35":0,"36":0,"37":0},"f":{"0":0,"1":0,"2":0,"3":0,"4":0,"5":0,"6":0,"7":0,"8":0,"9":0,"10":0,"11":0,"12":0,"13":0,"14":0,"15":0,"16":0},"b":{"0":[0,0],"1":[0,0],"2":[0,0],"3":[0,0],"4":[0,0],"5":[0,0],"6":[0,0],"7":[0,0],"8":[0,0]},"hash":"9395cdae512e579b36b96d54e079ce5f5cb4f4ce"}
,"/Users/siman/Documents/Projects/InDeepShip/bow/src/components/Organization.js": {"path":"/Users/siman/Documents/Projects/InDeepShip/bow/src/components/Organization.js","statementMap":{"0":{"start":{"line":7,"column":8},"end":{"line":7,"column":21}},"1":{"start":{"line":9,"column":8},"end":{"line":9,"column":24}},"2":{"start":{"line":13,"column":8},"end":{"line":33,"column":10}}},"fnMap":{"0":{"name":"(anonymous_0)","decl":{"start":{"line":6,"column":4},"end":{"line":6,"column":5}},"loc":{"start":{"line":6,"column":23},"end":{"line":10,"column":5}},"line":6},"1":{"name":"(anonymous_1)","decl":{"start":{"line":12,"column":4},"end":{"line":12,"column":5}},"loc":{"start":{"line":12,"column":13},"end":{"line":34,"column":5}},"line":12}},"branchMap":{},"s":{"0":0,"1":0,"2":0},"f":{"0":0,"1":0},"b":{},"hash":"e6d93ad96794a7c29b998512d60beee7fba3381c"}
,"/Users/siman/Documents/Projects/InDeepShip/bow/src/components/PasswordChangeForm.js": {"path":"/Users/siman/Documents/Projects/InDeepShip/bow/src/components/PasswordChangeForm.js","statementMap":{"0":{"start":{"line":8,"column":17},"end":{"line":8,"column":58}},"1":{"start":{"line":8,"column":27},"end":{"line":8,"column":57}},"2":{"start":{"line":10,"column":18},"end":{"line":10,"column":113}},"3":{"start":{"line":10,"column":25},"end":{"line":10,"column":113}},"4":{"start":{"line":10,"column":35},"end":{"line":10,"column":112}},"5":{"start":{"line":11,"column":18},"end":{"line":11,"column":119}},"6":{"start":{"line":11,"column":25},"end":{"line":11,"column":119}},"7":{"start":{"line":11,"column":35},"end":{"line":11,"column":118}},"8":{"start":{"line":13,"column":20},"end":{"line":13,"column":33}},"9":{"start":{"line":15,"column":19},"end":{"line":15,"column":31}},"10":{"start":{"line":17,"column":13},"end":{"line":19,"column":14}},"11":{"start":{"line":17,"column":23},"end":{"line":19,"column":13}},"12":{"start":{"line":21,"column":20},"end":{"line":37,"column":3}},"13":{"start":{"line":28,"column":4},"end":{"line":36,"column":10}},"14":{"start":{"line":41,"column":4},"end":{"line":41,"column":17}},"15":{"start":{"line":44,"column":4},"end":{"line":50,"column":6}},"16":{"start":{"line":53,"column":13},"end":{"line":74,"column":3}},"17":{"start":{"line":54,"column":4},"end":{"line":54,"column":23}},"18":{"start":{"line":55,"column":56},"end":{"line":55,"column":66}},"19":{"start":{"line":56,"column":4},"end":{"line":56,"column":36}},"20":{"start":{"line":58,"column":4},"end":{"line":73,"column":9}},"21":{"start":{"line":65,"column":8},"end":{"line":65,"column":29}},"22":{"start":{"line":66,"column":8},"end":{"line":66,"column":41}},"23":{"start":{"line":67,"column":8},"end":{"line":67,"column":58}},"24":{"start":{"line":70,"column":8},"end":{"line":70,"column":24}},"25":{"start":{"line":71,"column":8},"end":{"line":71,"column":41}},"26":{"start":{"line":72,"column":8},"end":{"line":72,"column":76}},"27":{"start":{"line":76,"column":17},"end":{"line":78,"column":3}},"28":{"start":{"line":77,"column":4},"end":{"line":77,"column":55}},"29":{"start":{"line":81,"column":37},"end":{"line":81,"column":47}},"30":{"start":{"line":82,"column":40},"end":{"line":82,"column":50}},"31":{"start":{"line":84,"column":4},"end":{"line":155,"column":6}},"32":{"start":{"line":159,"column":0},"end":{"line":161,"column":23}}},"fnMap":{"0":{"name":"(anonymous_0)","decl":{"start":{"line":8,"column":17},"end":{"line":8,"column":18}},"loc":{"start":{"line":8,"column":27},"end":{"line":8,"column":57}},"line":8},"1":{"name":"(anonymous_1)","decl":{"start":{"line":10,"column":18},"end":{"line":10,"column":19}},"loc":{"start":{"line":10,"column":25},"end":{"line":10,"column":113}},"line":10},"2":{"name":"(anonymous_2)","decl":{"start":{"line":10,"column":25},"end":{"line":10,"column":26}},"loc":{"start":{"line":10,"column":35},"end":{"line":10,"column":112}},"line":10},"3":{"name":"(anonymous_3)","decl":{"start":{"line":11,"column":18},"end":{"line":11,"column":19}},"loc":{"start":{"line":11,"column":25},"end":{"line":11,"column":119}},"line":11},"4":{"name":"(anonymous_4)","decl":{"start":{"line":11,"column":25},"end":{"line":11,"column":26}},"loc":{"start":{"line":11,"column":35},"end":{"line":11,"column":118}},"line":11},"5":{"name":"(anonymous_5)","decl":{"start":{"line":17,"column":13},"end":{"line":17,"column":14}},"loc":{"start":{"line":17,"column":23},"end":{"line":19,"column":13}},"line":17},"6":{"name":"(anonymous_6)","decl":{"start":{"line":21,"column":20},"end":{"line":21,"column":21}},"loc":{"start":{"line":28,"column":4},"end":{"line":36,"column":10}},"line":28},"7":{"name":"(anonymous_7)","decl":{"start":{"line":40,"column":2},"end":{"line":40,"column":3}},"loc":{"start":{"line":40,"column":21},"end":{"line":51,"column":3}},"line":40},"8":{"name":"(anonymous_8)","decl":{"start":{"line":53,"column":13},"end":{"line":53,"column":14}},"loc":{"start":{"line":53,"column":20},"end":{"line":74,"column":3}},"line":53},"9":{"name":"(anonymous_9)","decl":{"start":{"line":64,"column":12},"end":{"line":64,"column":13}},"loc":{"start":{"line":64,"column":19},"end":{"line":68,"column":7}},"line":64},"10":{"name":"(anonymous_10)","decl":{"start":{"line":69,"column":13},"end":{"line":69,"column":14}},"loc":{"start":{"line":69,"column":20},"end":{"line":73,"column":7}},"line":69},"11":{"name":"(anonymous_11)","decl":{"start":{"line":76,"column":17},"end":{"line":76,"column":18}},"loc":{"start":{"line":76,"column":24},"end":{"line":78,"column":3}},"line":76},"12":{"name":"(anonymous_12)","decl":{"start":{"line":80,"column":2},"end":{"line":80,"column":3}},"loc":{"start":{"line":80,"column":11},"end":{"line":156,"column":3}},"line":80}},"branchMap":{"0":{"loc":{"start":{"line":8,"column":27},"end":{"line":8,"column":57}},"type":"cond-expr","locations":[{"start":{"line":8,"column":35},"end":{"line":8,"column":44}},{"start":{"line":8,"column":47},"end":{"line":8,"column":57}}],"line":8},"1":{"loc":{"start":{"line":10,"column":35},"end":{"line":10,"column":112}},"type":"cond-expr","locations":[{"start":{"line":10,"column":65},"end":{"line":10,"column":100}},{"start":{"line":10,"column":103},"end":{"line":10,"column":112}}],"line":10},"2":{"loc":{"start":{"line":10,"column":35},"end":{"line":10,"column":62}},"type":"binary-expr","locations":[{"start":{"line":10,"column":35},"end":{"line":10,"column":40}},{"start":{"line":10,"column":44},"end":{"line":10,"column":62}}],"line":10},"3":{"loc":{"start":{"line":11,"column":35},"end":{"line":11,"column":118}},"type":"cond-expr","locations":[{"start":{"line":11,"column":65},"end":{"line":11,"column":106}},{"start":{"line":11,"column":109},"end":{"line":11,"column":118}}],"line":11},"4":{"loc":{"start":{"line":11,"column":35},"end":{"line":11,"column":62}},"type":"binary-expr","locations":[{"start":{"line":11,"column":35},"end":{"line":11,"column":40}},{"start":{"line":11,"column":44},"end":{"line":11,"column":62}}],"line":11},"5":{"loc":{"start":{"line":17,"column":23},"end":{"line":19,"column":13}},"type":"cond-expr","locations":[{"start":{"line":18,"column":4},"end":{"line":18,"column":18}},{"start":{"line":19,"column":4},"end":{"line":19,"column":13}}],"line":17},"6":{"loc":{"start":{"line":17,"column":23},"end":{"line":17,"column":74}},"type":"binary-expr","locations":[{"start":{"line":17,"column":23},"end":{"line":17,"column":28}},{"start":{"line":17,"column":32},"end":{"line":17,"column":43}},{"start":{"line":17,"column":47},"end":{"line":17,"column":74}}],"line":17},"7":{"loc":{"start":{"line":32,"column":9},"end":{"line":34,"column":73}},"type":"binary-expr","locations":[{"start":{"line":32,"column":9},"end":{"line":32,"column":16}},{"start":{"line":33,"column":15},"end":{"line":33,"column":20}},{"start":{"line":33,"column":24},"end":{"line":33,"column":65}},{"start":{"line":34,"column":16},"end":{"line":34,"column":23}},{"start":{"line":34,"column":27},"end":{"line":34,"column":71}}],"line":32},"8":{"loc":{"start":{"line":140,"column":24},"end":{"line":140,"column":46}},"type":"binary-expr","locations":[{"start":{"line":140,"column":24},"end":{"line":140,"column":32}},{"start":{"line":140,"column":36},"end":{"line":140,"column":46}}],"line":140},"9":{"loc":{"start":{"line":146,"column":9},"end":{"line":150,"column":9}},"type":"binary-expr","locations":[{"start":{"line":146,"column":9},"end":{"line":146,"column":16}},{"start":{"line":147,"column":10},"end":{"line":149,"column":17}}],"line":146}},"s":{"0":0,"1":0,"2":0,"3":0,"4":0,"5":0,"6":0,"7":0,"8":0,"9":0,"10":0,"11":0,"12":0,"13":0,"14":0,"15":0,"16":0,"17":0,"18":0,"19":0,"20":0,"21":0,"22":0,"23":0,"24":0,"25":0,"26":0,"27":0,"28":0,"29":0,"30":0,"31":0,"32":0},"f":{"0":0,"1":0,"2":0,"3":0,"4":0,"5":0,"6":0,"7":0,"8":0,"9":0,"10":0,"11":0,"12":0},"b":{"0":[0,0],"1":[0,0],"2":[0,0],"3":[0,0],"4":[0,0],"5":[0,0],"6":[0,0,0],"7":[0,0,0,0,0],"8":[0,0],"9":[0,0]},"hash":"8857446dfebf6daa40f76ef76e205a7929b8e874"}
,"/Users/siman/Documents/Projects/InDeepShip/bow/src/components/PasswordReset.js": {"path":"/Users/siman/Documents/Projects/InDeepShip/bow/src/components/PasswordReset.js","statementMap":{"0":{"start":{"line":10,"column":8},"end":{"line":10,"column":21}},"1":{"start":{"line":12,"column":8},"end":{"line":16,"column":10}},"2":{"start":{"line":19,"column":15},"end":{"line":38,"column":5}},"3":{"start":{"line":20,"column":8},"end":{"line":20,"column":27}},"4":{"start":{"line":21,"column":26},"end":{"line":21,"column":36}},"5":{"start":{"line":22,"column":8},"end":{"line":22,"column":40}},"6":{"start":{"line":24,"column":8},"end":{"line":37,"column":15}},"7":{"start":{"line":29,"column":16},"end":{"line":29,"column":37}},"8":{"start":{"line":30,"column":16},"end":{"line":30,"column":49}},"9":{"start":{"line":31,"column":16},"end":{"line":31,"column":66}},"10":{"start":{"line":34,"column":16},"end":{"line":34,"column":32}},"11":{"start":{"line":35,"column":16},"end":{"line":35,"column":49}},"12":{"start":{"line":36,"column":16},"end":{"line":36,"column":84}},"13":{"start":{"line":40,"column":19},"end":{"line":42,"column":5}},"14":{"start":{"line":41,"column":8},"end":{"line":41,"column":59}},"15":{"start":{"line":45,"column":44},"end":{"line":45,"column":54}},"16":{"start":{"line":47,"column":8},"end":{"line":75,"column":10}}},"fnMap":{"0":{"name":"(anonymous_0)","decl":{"start":{"line":9,"column":4},"end":{"line":9,"column":5}},"loc":{"start":{"line":9,"column":23},"end":{"line":17,"column":5}},"line":9},"1":{"name":"(anonymous_1)","decl":{"start":{"line":19,"column":15},"end":{"line":19,"column":16}},"loc":{"start":{"line":19,"column":22},"end":{"line":38,"column":5}},"line":19},"2":{"name":"(anonymous_2)","decl":{"start":{"line":28,"column":18},"end":{"line":28,"column":19}},"loc":{"start":{"line":28,"column":25},"end":{"line":32,"column":13}},"line":28},"3":{"name":"(anonymous_3)","decl":{"start":{"line":33,"column":19},"end":{"line":33,"column":20}},"loc":{"start":{"line":33,"column":26},"end":{"line":37,"column":13}},"line":33},"4":{"name":"(anonymous_4)","decl":{"start":{"line":40,"column":19},"end":{"line":40,"column":20}},"loc":{"start":{"line":40,"column":26},"end":{"line":42,"column":5}},"line":40},"5":{"name":"(anonymous_5)","decl":{"start":{"line":44,"column":4},"end":{"line":44,"column":5}},"loc":{"start":{"line":44,"column":13},"end":{"line":76,"column":5}},"line":44}},"branchMap":{"0":{"loc":{"start":{"line":63,"column":29},"end":{"line":67,"column":29}},"type":"binary-expr","locations":[{"start":{"line":63,"column":29},"end":{"line":63,"column":36}},{"start":{"line":64,"column":32},"end":{"line":66,"column":39}}],"line":63}},"s":{"0":0,"1":0,"2":0,"3":0,"4":0,"5":0,"6":0,"7":0,"8":0,"9":0,"10":0,"11":0,"12":0,"13":0,"14":0,"15":0,"16":0},"f":{"0":0,"1":0,"2":0,"3":0,"4":0,"5":0},"b":{"0":[0,0]},"hash":"9f97e7a19594f17c96993d97a6df1756ed7afdbb"}
,"/Users/siman/Documents/Projects/InDeepShip/bow/src/components/PasswordResetConfirm.js": {"path":"/Users/siman/Documents/Projects/InDeepShip/bow/src/components/PasswordResetConfirm.js","statementMap":{"0":{"start":{"line":10,"column":8},"end":{"line":10,"column":21}},"1":{"start":{"line":12,"column":8},"end":{"line":12,"column":63}},"2":{"start":{"line":13,"column":8},"end":{"line":20,"column":10}},"3":{"start":{"line":23,"column":15},"end":{"line":45,"column":5}},"4":{"start":{"line":24,"column":8},"end":{"line":24,"column":27}},"5":{"start":{"line":25,"column":61},"end":{"line":25,"column":71}},"6":{"start":{"line":26,"column":8},"end":{"line":26,"column":40}},"7":{"start":{"line":28,"column":8},"end":{"line":44,"column":15}},"8":{"start":{"line":36,"column":16},"end":{"line":36,"column":37}},"9":{"start":{"line":37,"column":16},"end":{"line":37,"column":49}},"10":{"start":{"line":38,"column":16},"end":{"line":38,"column":66}},"11":{"start":{"line":41,"column":16},"end":{"line":41,"column":32}},"12":{"start":{"line":42,"column":16},"end":{"line":42,"column":49}},"13":{"start":{"line":43,"column":16},"end":{"line":43,"column":84}},"14":{"start":{"line":47,"column":19},"end":{"line":49,"column":5}},"15":{"start":{"line":48,"column":8},"end":{"line":48,"column":59}},"16":{"start":{"line":52,"column":44},"end":{"line":52,"column":54}},"17":{"start":{"line":54,"column":8},"end":{"line":86,"column":10}}},"fnMap":{"0":{"name":"(anonymous_0)","decl":{"start":{"line":9,"column":4},"end":{"line":9,"column":5}},"loc":{"start":{"line":9,"column":23},"end":{"line":21,"column":5}},"line":9},"1":{"name":"(anonymous_1)","decl":{"start":{"line":23,"column":15},"end":{"line":23,"column":16}},"loc":{"start":{"line":23,"column":22},"end":{"line":45,"column":5}},"line":23},"2":{"name":"(anonymous_2)","decl":{"start":{"line":35,"column":18},"end":{"line":35,"column":19}},"loc":{"start":{"line":35,"column":25},"end":{"line":39,"column":13}},"line":35},"3":{"name":"(anonymous_3)","decl":{"start":{"line":40,"column":19},"end":{"line":40,"column":20}},"loc":{"start":{"line":40,"column":26},"end":{"line":44,"column":13}},"line":40},"4":{"name":"(anonymous_4)","decl":{"start":{"line":47,"column":19},"end":{"line":47,"column":20}},"loc":{"start":{"line":47,"column":26},"end":{"line":49,"column":5}},"line":47},"5":{"name":"(anonymous_5)","decl":{"start":{"line":51,"column":4},"end":{"line":51,"column":5}},"loc":{"start":{"line":51,"column":13},"end":{"line":87,"column":5}},"line":51}},"branchMap":{"0":{"loc":{"start":{"line":74,"column":29},"end":{"line":78,"column":29}},"type":"binary-expr","locations":[{"start":{"line":74,"column":29},"end":{"line":74,"column":36}},{"start":{"line":75,"column":32},"end":{"line":77,"column":39}}],"line":74}},"s":{"0":0,"1":0,"2":0,"3":0,"4":0,"5":0,"6":0,"7":0,"8":0,"9":0,"10":0,"11":0,"12":0,"13":0,"14":0,"15":0,"16":0,"17":0},"f":{"0":0,"1":0,"2":0,"3":0,"4":0,"5":0},"b":{"0":[0,0]},"hash":"db6f35b901df2e3faa06b9576668d913c797586d"}
,"/Users/siman/Documents/Projects/InDeepShip/bow/src/components/Policy.js": {"path":"/Users/siman/Documents/Projects/InDeepShip/bow/src/components/Policy.js","statementMap":{"0":{"start":{"line":7,"column":8},"end":{"line":7,"column":21}},"1":{"start":{"line":9,"column":8},"end":{"line":9,"column":24}},"2":{"start":{"line":13,"column":8},"end":{"line":33,"column":10}}},"fnMap":{"0":{"name":"(anonymous_0)","decl":{"start":{"line":6,"column":4},"end":{"line":6,"column":5}},"loc":{"start":{"line":6,"column":23},"end":{"line":10,"column":5}},"line":6},"1":{"name":"(anonymous_1)","decl":{"start":{"line":12,"column":4},"end":{"line":12,"column":5}},"loc":{"start":{"line":12,"column":13},"end":{"line":34,"column":5}},"line":12}},"branchMap":{},"s":{"0":0,"1":0,"2":0},"f":{"0":0,"1":0},"b":{},"hash":"031ddadbab4561adb0ca600be453eb5127f0d8af"}
,"/Users/siman/Documents/Projects/InDeepShip/bow/src/components/PrivateRegistration.js": {"path":"/Users/siman/Documents/Projects/InDeepShip/bow/src/components/PrivateRegistration.js","statementMap":{"0":{"start":{"line":11,"column":8},"end":{"line":11,"column":21}},"1":{"start":{"line":13,"column":23},"end":{"line":13,"column":57}},"2":{"start":{"line":14,"column":21},"end":{"line":14,"column":57}},"3":{"start":{"line":16,"column":8},"end":{"line":37,"column":10}},"4":{"start":{"line":39,"column":8},"end":{"line":43,"column":9}},"5":{"start":{"line":40,"column":12},"end":{"line":40,"column":56}},"6":{"start":{"line":41,"column":12},"end":{"line":41,"column":58}},"7":{"start":{"line":42,"column":12},"end":{"line":42,"column":62}},"8":{"start":{"line":45,"column":8},"end":{"line":45,"column":57}},"9":{"start":{"line":46,"column":8},"end":{"line":46,"column":49}},"10":{"start":{"line":50,"column":8},"end":{"line":60,"column":15}},"11":{"start":{"line":55,"column":30},"end":{"line":55,"column":45}},"12":{"start":{"line":57,"column":16},"end":{"line":59,"column":18}},"13":{"start":{"line":61,"column":8},"end":{"line":71,"column":15}},"14":{"start":{"line":66,"column":30},"end":{"line":66,"column":45}},"15":{"start":{"line":68,"column":16},"end":{"line":70,"column":18}},"16":{"start":{"line":75,"column":8},"end":{"line":75,"column":59}},"17":{"start":{"line":79,"column":8},"end":{"line":79,"column":27}},"18":{"start":{"line":80,"column":23},"end":{"line":80,"column":52}},"19":{"start":{"line":81,"column":8},"end":{"line":81,"column":34}},"20":{"start":{"line":83,"column":8},"end":{"line":83,"column":38}},"21":{"start":{"line":88,"column":8},"end":{"line":251,"column":9}},"22":{"start":{"line":90,"column":16},"end":{"line":133,"column":18}},"23":{"start":{"line":135,"column":16},"end":{"line":173,"column":18}},"24":{"start":{"line":175,"column":16},"end":{"line":226,"column":18}},"25":{"start":{"line":228,"column":16},"end":{"line":233,"column":18}},"26":{"start":{"line":235,"column":16},"end":{"line":246,"column":18}},"27":{"start":{"line":248,"column":16},"end":{"line":250,"column":18}},"28":{"start":{"line":255,"column":26},"end":{"line":255,"column":36}},"29":{"start":{"line":257,"column":8},"end":{"line":263,"column":10}},"30":{"start":{"line":259,"column":16},"end":{"line":261,"column":18}},"31":{"start":{"line":267,"column":39},"end":{"line":267,"column":49}},"32":{"start":{"line":269,"column":8},"end":{"line":275,"column":10}},"33":{"start":{"line":271,"column":16},"end":{"line":273,"column":18}},"34":{"start":{"line":279,"column":31},"end":{"line":279,"column":41}},"35":{"start":{"line":280,"column":22},"end":{"line":280,"column":90}},"36":{"start":{"line":282,"column":8},"end":{"line":348,"column":10}},"37":{"start":{"line":287,"column":45},"end":{"line":287,"column":77}},"38":{"start":{"line":288,"column":47},"end":{"line":288,"column":81}},"39":{"start":{"line":290,"column":28},"end":{"line":297,"column":30}},"40":{"start":{"line":304,"column":45},"end":{"line":304,"column":77}},"41":{"start":{"line":306,"column":28},"end":{"line":308,"column":30}},"42":{"start":{"line":320,"column":47},"end":{"line":320,"column":96}},"43":{"start":{"line":333,"column":51},"end":{"line":333,"column":100}},"44":{"start":{"line":352,"column":35},"end":{"line":352,"column":45}},"45":{"start":{"line":354,"column":8},"end":{"line":362,"column":9}},"46":{"start":{"line":355,"column":29},"end":{"line":355,"column":41}},"47":{"start":{"line":356,"column":29},"end":{"line":356,"column":56}},"48":{"start":{"line":357,"column":12},"end":{"line":361,"column":14}},"49":{"start":{"line":364,"column":8},"end":{"line":377,"column":10}},"50":{"start":{"line":381,"column":24},"end":{"line":388,"column":1}},"51":{"start":{"line":382,"column":4},"end":{"line":387,"column":6}},"52":{"start":{"line":390,"column":27},"end":{"line":394,"column":1}},"53":{"start":{"line":391,"column":4},"end":{"line":393,"column":6}},"54":{"start":{"line":392,"column":40},"end":{"line":392,"column":87}},"55":{"start":{"line":396,"column":28},"end":{"line":399,"column":26}}},"fnMap":{"0":{"name":"(anonymous_0)","decl":{"start":{"line":10,"column":4},"end":{"line":10,"column":5}},"loc":{"start":{"line":10,"column":23},"end":{"line":47,"column":5}},"line":10},"1":{"name":"(anonymous_1)","decl":{"start":{"line":49,"column":4},"end":{"line":49,"column":5}},"loc":{"start":{"line":49,"column":24},"end":{"line":72,"column":5}},"line":49},"2":{"name":"(anonymous_2)","decl":{"start":{"line":55,"column":16},"end":{"line":55,"column":17}},"loc":{"start":{"line":55,"column":30},"end":{"line":55,"column":45}},"line":55},"3":{"name":"(anonymous_3)","decl":{"start":{"line":56,"column":18},"end":{"line":56,"column":19}},"loc":{"start":{"line":56,"column":26},"end":{"line":60,"column":13}},"line":56},"4":{"name":"(anonymous_4)","decl":{"start":{"line":66,"column":16},"end":{"line":66,"column":17}},"loc":{"start":{"line":66,"column":30},"end":{"line":66,"column":45}},"line":66},"5":{"name":"(anonymous_5)","decl":{"start":{"line":67,"column":18},"end":{"line":67,"column":19}},"loc":{"start":{"line":67,"column":26},"end":{"line":71,"column":13}},"line":67},"6":{"name":"(anonymous_6)","decl":{"start":{"line":74,"column":4},"end":{"line":74,"column":5}},"loc":{"start":{"line":74,"column":20},"end":{"line":76,"column":5}},"line":74},"7":{"name":"(anonymous_7)","decl":{"start":{"line":78,"column":4},"end":{"line":78,"column":5}},"loc":{"start":{"line":78,"column":16},"end":{"line":84,"column":5}},"line":78},"8":{"name":"(anonymous_8)","decl":{"start":{"line":86,"column":4},"end":{"line":86,"column":5}},"loc":{"start":{"line":86,"column":25},"end":{"line":252,"column":5}},"line":86},"9":{"name":"(anonymous_9)","decl":{"start":{"line":254,"column":4},"end":{"line":254,"column":5}},"loc":{"start":{"line":254,"column":18},"end":{"line":264,"column":5}},"line":254},"10":{"name":"(anonymous_10)","decl":{"start":{"line":258,"column":22},"end":{"line":258,"column":23}},"loc":{"start":{"line":258,"column":39},"end":{"line":262,"column":13}},"line":258},"11":{"name":"(anonymous_11)","decl":{"start":{"line":266,"column":4},"end":{"line":266,"column":5}},"loc":{"start":{"line":266,"column":23},"end":{"line":276,"column":5}},"line":266},"12":{"name":"(anonymous_12)","decl":{"start":{"line":270,"column":35},"end":{"line":270,"column":36}},"loc":{"start":{"line":270,"column":49},"end":{"line":274,"column":13}},"line":270},"13":{"name":"(anonymous_13)","decl":{"start":{"line":278,"column":4},"end":{"line":278,"column":5}},"loc":{"start":{"line":278,"column":18},"end":{"line":349,"column":5}},"line":278},"14":{"name":"(anonymous_14)","decl":{"start":{"line":286,"column":34},"end":{"line":286,"column":35}},"loc":{"start":{"line":286,"column":51},"end":{"line":298,"column":25}},"line":286},"15":{"name":"(anonymous_15)","decl":{"start":{"line":303,"column":34},"end":{"line":303,"column":35}},"loc":{"start":{"line":303,"column":51},"end":{"line":309,"column":25}},"line":303},"16":{"name":"(anonymous_16)","decl":{"start":{"line":320,"column":41},"end":{"line":320,"column":42}},"loc":{"start":{"line":320,"column":47},"end":{"line":320,"column":96}},"line":320},"17":{"name":"(anonymous_17)","decl":{"start":{"line":333,"column":45},"end":{"line":333,"column":46}},"loc":{"start":{"line":333,"column":51},"end":{"line":333,"column":100}},"line":333},"18":{"name":"(anonymous_18)","decl":{"start":{"line":351,"column":4},"end":{"line":351,"column":5}},"loc":{"start":{"line":351,"column":13},"end":{"line":378,"column":5}},"line":351},"19":{"name":"(anonymous_19)","decl":{"start":{"line":381,"column":24},"end":{"line":381,"column":25}},"loc":{"start":{"line":381,"column":35},"end":{"line":388,"column":1}},"line":381},"20":{"name":"(anonymous_20)","decl":{"start":{"line":390,"column":27},"end":{"line":390,"column":28}},"loc":{"start":{"line":390,"column":41},"end":{"line":394,"column":1}},"line":390},"21":{"name":"(anonymous_21)","decl":{"start":{"line":392,"column":18},"end":{"line":392,"column":19}},"loc":{"start":{"line":392,"column":40},"end":{"line":392,"column":87}},"line":392}},"branchMap":{"0":{"loc":{"start":{"line":18,"column":20},"end":{"line":18,"column":49}},"type":"cond-expr","locations":[{"start":{"line":18,"column":38},"end":{"line":18,"column":44}},{"start":{"line":18,"column":47},"end":{"line":18,"column":49}}],"line":18},"1":{"loc":{"start":{"line":22,"column":18},"end":{"line":22,"column":43}},"type":"cond-expr","locations":[{"start":{"line":22,"column":34},"end":{"line":22,"column":38}},{"start":{"line":22,"column":41},"end":{"line":22,"column":43}}],"line":22},"2":{"loc":{"start":{"line":39,"column":8},"end":{"line":43,"column":9}},"type":"if","locations":[{"start":{"line":39,"column":8},"end":{"line":43,"column":9}},{"start":{"line":39,"column":8},"end":{"line":43,"column":9}}],"line":39},"3":{"loc":{"start":{"line":88,"column":8},"end":{"line":251,"column":9}},"type":"switch","locations":[{"start":{"line":89,"column":12},"end":{"line":133,"column":18}},{"start":{"line":134,"column":12},"end":{"line":173,"column":18}},{"start":{"line":174,"column":12},"end":{"line":226,"column":18}},{"start":{"line":227,"column":12},"end":{"line":233,"column":18}},{"start":{"line":234,"column":12},"end":{"line":246,"column":18}},{"start":{"line":247,"column":12},"end":{"line":250,"column":18}}],"line":88},"4":{"loc":{"start":{"line":287,"column":45},"end":{"line":287,"column":77}},"type":"cond-expr","locations":[{"start":{"line":287,"column":61},"end":{"line":287,"column":72}},{"start":{"line":287,"column":75},"end":{"line":287,"column":77}}],"line":287},"5":{"loc":{"start":{"line":288,"column":47},"end":{"line":288,"column":81}},"type":"cond-expr","locations":[{"start":{"line":288,"column":62},"end":{"line":288,"column":76}},{"start":{"line":288,"column":79},"end":{"line":288,"column":81}}],"line":288},"6":{"loc":{"start":{"line":304,"column":45},"end":{"line":304,"column":77}},"type":"cond-expr","locations":[{"start":{"line":304,"column":61},"end":{"line":304,"column":72}},{"start":{"line":304,"column":75},"end":{"line":304,"column":77}}],"line":304},"7":{"loc":{"start":{"line":314,"column":21},"end":{"line":324,"column":31}},"type":"binary-expr","locations":[{"start":{"line":314,"column":22},"end":{"line":314,"column":30}},{"start":{"line":314,"column":35},"end":{"line":324,"column":31}}],"line":314},"8":{"loc":{"start":{"line":326,"column":21},"end":{"line":337,"column":35}},"type":"binary-expr","locations":[{"start":{"line":326,"column":22},"end":{"line":326,"column":30}},{"start":{"line":327,"column":24},"end":{"line":337,"column":35}}],"line":326},"9":{"loc":{"start":{"line":339,"column":21},"end":{"line":344,"column":35}},"type":"binary-expr","locations":[{"start":{"line":339,"column":22},"end":{"line":339,"column":32}},{"start":{"line":340,"column":24},"end":{"line":344,"column":35}}],"line":339},"10":{"loc":{"start":{"line":354,"column":8},"end":{"line":362,"column":9}},"type":"if","locations":[{"start":{"line":354,"column":8},"end":{"line":362,"column":9}},{"start":{"line":354,"column":8},"end":{"line":362,"column":9}}],"line":354},"11":{"loc":{"start":{"line":369,"column":25},"end":{"line":373,"column":25}},"type":"binary-expr","locations":[{"start":{"line":369,"column":25},"end":{"line":369,"column":32}},{"start":{"line":370,"column":28},"end":{"line":372,"column":35}}],"line":369}},"s":{"0":0,"1":0,"2":0,"3":0,"4":0,"5":0,"6":0,"7":0,"8":0,"9":0,"10":0,"11":0,"12":0,"13":0,"14":0,"15":0,"16":0,"17":0,"18":0,"19":0,"20":0,"21":0,"22":0,"23":0,"24":0,"25":0,"26":0,"27":0,"28":0,"29":0,"30":0,"31":0,"32":0,"33":0,"34":0,"35":0,"36":0,"37":0,"38":0,"39":0,"40":0,"41":0,"42":0,"43":0,"44":0,"45":0,"46":0,"47":0,"48":0,"49":0,"50":0,"51":0,"52":0,"53":0,"54":0,"55":0},"f":{"0":0,"1":0,"2":0,"3":0,"4":0,"5":0,"6":0,"7":0,"8":0,"9":0,"10":0,"11":0,"12":0,"13":0,"14":0,"15":0,"16":0,"17":0,"18":0,"19":0,"20":0,"21":0},"b":{"0":[0,0],"1":[0,0],"2":[0,0],"3":[0,0,0,0,0,0],"4":[0,0],"5":[0,0],"6":[0,0],"7":[0,0],"8":[0,0],"9":[0,0],"10":[0,0],"11":[0,0]},"hash":"894ca0402189aa03dbbfef79005cc7aed8e24c0f"}
,"/Users/siman/Documents/Projects/InDeepShip/bow/src/components/PrivateRegistrationDetails.js": {"path":"/Users/siman/Documents/Projects/InDeepShip/bow/src/components/PrivateRegistrationDetails.js","statementMap":{"0":{"start":{"line":7,"column":8},"end":{"line":7,"column":21}},"1":{"start":{"line":9,"column":8},"end":{"line":9,"column":24}},"2":{"start":{"line":13,"column":8},"end":{"line":34,"column":10}}},"fnMap":{"0":{"name":"(anonymous_0)","decl":{"start":{"line":6,"column":4},"end":{"line":6,"column":5}},"loc":{"start":{"line":6,"column":23},"end":{"line":10,"column":5}},"line":6},"1":{"name":"(anonymous_1)","decl":{"start":{"line":12,"column":4},"end":{"line":12,"column":5}},"loc":{"start":{"line":12,"column":13},"end":{"line":35,"column":5}},"line":12}},"branchMap":{},"s":{"0":0,"1":0,"2":0},"f":{"0":0,"1":0},"b":{},"hash":"0899d7566a57afb01e355791d090659d87ee2b80"}
[...]
15":{"loc":{"start":{"line":256,"column":17},"end":{"line":260,"column":17}},"type":"binary-expr","locations":[{"start":{"line":256,"column":17},"end":{"line":256,"column":41}},{"start":{"line":257,"column":18},"end":{"line":259,"column":22}}],"line":256},"16":{"loc":{"start":{"line":270,"column":17},"end":{"line":274,"column":17}},"type":"binary-expr","locations":[{"start":{"line":270,"column":17},"end":{"line":270,"column":45}},{"start":{"line":271,"column":18},"end":{"line":273,"column":22}}],"line":270},"17":{"loc":{"start":{"line":284,"column":17},"end":{"line":288,"column":17}},"type":"binary-expr","locations":[{"start":{"line":284,"column":17},"end":{"line":284,"column":45}},{"start":{"line":285,"column":18},"end":{"line":287,"column":22}}],"line":284},"18":{"loc":{"start":{"line":302,"column":15},"end":{"line":302,"column":47}},"type":"binary-expr","locations":[{"start":{"line":302,"column":15},"end":{"line":302,"column":20}},{"start":{"line":302,"column":24},"end":{"line":302,"column":47}}],"line":302},"19":{"loc":{"start":{"line":321,"column":15},"end":{"line":325,"column":15}},"type":"binary-expr","locations":[{"start":{"line":321,"column":15},"end":{"line":321,"column":22}},{"start":{"line":322,"column":16},"end":{"line":324,"column":23}}],"line":321}},"s":{"0":0,"1":0,"2":0,"3":0,"4":0,"5":0,"6":0,"7":0,"8":0,"9":0,"10":0,"11":0,"12":0,"13":0,"14":0,"15":0,"16":0,"17":0,"18":0,"19":0,"20":0,"21":0,"22":0,"23":0,"24":0,"25":0,"26":0,"27":0,"28":0,"29":0,"30":0,"31":0,"32":0,"33":0,"34":0,"35":0,"36":0,"37":0,"38":0,"39":0,"40":0,"41":0,"42":0,"43":0,"44":0,"45":0,"46":0,"47":0,"48":0,"49":0,"50":0,"51":0,"52":0,"53":0,"54":0,"55":0,"56":0,"57":0,"58":0,"59":0,"60":0,"61":0,"62":0,"63":0},"f":{"0":0,"1":0,"2":0,"3":0,"4":0,"5":0,"6":0,"7":0,"8":0,"9":0,"10":0,"11":0,"12":0,"13":0,"14":0,"15":0,"16":0},"b":{"0":[0,0],"1":[0,0],"2":[0,0],"3":[0,0,0,0,0,0],"4":[0,0],"5":[0,0],"6":[0,0],"7":[0,0],"8":[0,0],"9":[0,0],"10":[0,0],"11":[0,0],"12":[0,0],"13":[0,0],"14":[0,0],"15":[0,0],"16":[0,0],"17":[0,0],"18":[0,0],"19":[0,0]},"hash":"b574058cf1ba53e2acda6b79584cdc145540ad3e"}
,"/Users/siman/Documents/Projects/InDeepShip/bow/src/components/Spinner.js": {"path":"/Users/siman/Documents/Projects/InDeepShip/bow/src/components/Spinner.js","statementMap":{"0":{"start":{"line":3,"column":16},"end":{"line":7,"column":1}},"1":{"start":{"line":4,"column":2},"end":{"line":6,"column":8}}},"fnMap":{"0":{"name":"(anonymous_0)","decl":{"start":{"line":3,"column":16},"end":{"line":3,"column":17}},"loc":{"start":{"line":4,"column":2},"end":{"line":6,"column":8}},"line":4}},"branchMap":{"0":{"loc":{"start":{"line":4,"column":18},"end":{"line":4,"column":74}},"type":"cond-expr","locations":[{"start":{"line":4,"column":29},"end":{"line":4,"column":64}},{"start":{"line":4,"column":67},"end":{"line":4,"column":74}}],"line":4}},"s":{"0":0,"1":0},"f":{"0":0},"b":{"0":[0,0]},"hash":"c9a3afea3d0d841665b2a7c3f96956e7e221ab41"}
,"/Users/siman/Documents/Projects/InDeepShip/bow/src/components/VesselNameLookup.js": {"path":"/Users/siman/Documents/Projects/InDeepShip/bow/src/components/VesselNameLookup.js","statementMap":{"0":{"start":{"line":12,"column":4},"end":{"line":12,"column":17}},"1":{"start":{"line":13,"column":23},"end":{"line":13,"column":57}},"2":{"start":{"line":14,"column":4},"end":{"line":23,"column":5}},"3":{"start":{"line":24,"column":4},"end":{"line":24,"column":58}},"4":{"start":{"line":25,"column":4},"end":{"line":25,"column":62}},"5":{"start":{"line":26,"column":4},"end":{"line":26,"column":50}},"6":{"start":{"line":27,"column":4},"end":{"line":27,"column":56}},"7":{"start":{"line":30,"column":26},"end":{"line":48,"column":3}},"8":{"start":{"line":31,"column":27},"end":{"line":31,"column":37}},"9":{"start":{"line":32,"column":4},"end":{"line":32,"column":46}},"10":{"start":{"line":34,"column":4},"end":{"line":47,"column":9}},"11":{"start":{"line":39,"column":8},"end":{"line":43,"column":10}},"12":{"start":{"line":46,"column":8},"end":{"line":46,"column":24}},"13":{"start":{"line":54,"column":23},"end":{"line":54,"column":44}},"14":{"start":{"line":55,"column":25},"end":{"line":55,"column":48}},"15":{"start":{"line":56,"column":18},"end":{"line":56,"column":44}},"16":{"start":{"line":57,"column":4},"end":{"line":78,"column":9}},"17":{"start":{"line":64,"column":8},"end":{"line":64,"column":50}},"18":{"start":{"line":66,"column":8},"end":{"line":66,"column":48}},"19":{"start":{"line":67,"column":8},"end":{"line":67,"column":59}},"20":{"start":{"line":68,"column":8},"end":{"line":68,"column":37}},"21":{"start":{"line":69,"column":8},"end":{"line":69,"column":41}},"22":{"start":{"line":70,"column":8},"end":{"line":70,"column":62}},"23":{"start":{"line":71,"column":8},"end":{"line":71,"column":20}},"24":{"start":{"line":74,"column":8},"end":{"line":74,"column":24}},"25":{"start":{"line":75,"column":8},"end":{"line":75,"column":41}},"26":{"start":{"line":76,"column":8},"end":{"line":76,"column":83}},"27":{"start":{"line":77,"column":8},"end":{"line":77,"column":66}},"28":{"start":{"line":83,"column":4},"end":{"line":83,"column":41}},"29":{"start":{"line":87,"column":4},"end":{"line":98,"column":10}},"30":{"start":{"line":91,"column":67},"end":{"line":91,"column":114}},"31":{"start":{"line":93,"column":14},"end":{"line":93,"column":71}},"32":{"start":{"line":102,"column":4},"end":{"line":132,"column":5}},"33":{"start":{"line":103,"column":23},"end":{"line":103,"column":35}},"34":{"start":{"line":104,"column":23},"end":{"line":104,"column":48}},"35":{"start":{"line":105,"column":6},"end":{"line":109,"column":8}},"36":{"start":{"line":111,"column":6},"end":{"line":131,"column":9}},"37":{"start":{"line":135,"column":17},"end":{"line":140,"column":3}},"38":{"start":{"line":136,"column":4},"end":{"line":136,"column":55}},"39":{"start":{"line":137,"column":4},"end":{"line":139,"column":5}},"40":{"start":{"line":138,"column":6},"end":{"line":138,"column":57}},"41":{"start":{"line":143,"column":44},"end":{"line":143,"column":54}},"42":{"start":{"line":145,"column":4},"end":{"line":181,"column":6}},"43":{"start":{"line":185,"column":24},"end":{"line":189,"column":1}},"44":{"start":{"line":186,"column":2},"end":{"line":188,"column":4}},"45":{"start":{"line":191,"column":32},"end":{"line":193,"column":19}}},"fnMap":{"0":{"name":"(anonymous_0)","decl":{"start":{"line":11,"column":2},"end":{"line":11,"column":3}},"loc":{"start":{"line":11,"column":21},"end":{"line":28,"column":3}},"line":11},"1":{"name":"(anonymous_1)","decl":{"start":{"line":30,"column":26},"end":{"line":30,"column":27}},"loc":{"start":{"line":30,"column":33},"end":{"line":48,"column":3}},"line":30},"2":{"name":"(anonymous_2)","decl":{"start":{"line":38,"column":12},"end":{"line":38,"column":13}},"loc":{"start":{"line":38,"column":19},"end":{"line":44,"column":7}},"line":38},"3":{"name":"(anonymous_3)","decl":{"start":{"line":45,"column":13},"end":{"line":45,"column":14}},"loc":{"start":{"line":45,"column":20},"end":{"line":47,"column":7}},"line":45},"4":{"name":"(anonymous_4)","decl":{"start":{"line":51,"column":2},"end":{"line":51,"column":3}},"loc":{"start":{"line":51,"column":22},"end":{"line":80,"column":3}},"line":51},"5":{"name":"(anonymous_5)","decl":{"start":{"line":63,"column":12},"end":{"line":63,"column":13}},"loc":{"start":{"line":63,"column":19},"end":{"line":72,"column":7}},"line":63},"6":{"name":"(anonymous_6)","decl":{"start":{"line":73,"column":13},"end":{"line":73,"column":14}},"loc":{"start":{"line":73,"column":20},"end":{"line":78,"column":7}},"line":73},"7":{"name":"(anonymous_7)","decl":{"start":{"line":82,"column":2},"end":{"line":82,"column":3}},"loc":{"start":{"line":82,"column":16},"end":{"line":84,"column":3}},"line":82},"8":{"name":"(anonymous_8)","decl":{"start":{"line":86,"column":2},"end":{"line":86,"column":3}},"loc":{"start":{"line":86,"column":19},"end":{"line":99,"column":3}},"line":86},"9":{"name":"(anonymous_9)","decl":{"start":{"line":91,"column":60},"end":{"line":91,"column":61}},"loc":{"start":{"line":91,"column":67},"end":{"line":91,"column":114}},"line":91},"10":{"name":"(anonymous_10)","decl":{"start":{"line":92,"column":34},"end":{"line":92,"column":35}},"loc":{"start":{"line":92,"column":45},"end":{"line":94,"column":13}},"line":92},"11":{"name":"(anonymous_11)","decl":{"start":{"line":101,"column":2},"end":{"line":101,"column":3}},"loc":{"start":{"line":101,"column":20},"end":{"line":133,"column":3}},"line":101},"12":{"name":"(anonymous_12)","decl":{"start":{"line":135,"column":17},"end":{"line":135,"column":18}},"loc":{"start":{"line":135,"column":24},"end":{"line":140,"column":3}},"line":135},"13":{"name":"(anonymous_13)","decl":{"start":{"line":142,"column":2},"end":{"line":142,"column":3}},"loc":{"start":{"line":142,"column":11},"end":{"line":182,"column":3}},"line":142},"14":{"name":"(anonymous_14)","decl":{"start":{"line":185,"column":24},"end":{"line":185,"column":25}},"loc":{"start":{"line":185,"column":35},"end":{"line":189,"column":1}},"line":185}},"branchMap":{"0":{"loc":{"start":{"line":20,"column":18},"end":{"line":20,"column":55}},"type":"cond-expr","locations":[{"start":{"line":20,"column":40},"end":{"line":20,"column":50}},{"start":{"line":20,"column":53},"end":{"line":20,"column":55}}],"line":20},"1":{"loc":{"start":{"line":102,"column":4},"end":{"line":132,"column":5}},"type":"if","locations":[{"start":{"line":102,"column":4},"end":{"line":132,"column":5}},{"start":{"line":102,"column":4},"end":{"line":132,"column":5}}],"line":102},"2":{"loc":{"start":{"line":121,"column":13},"end":{"line":121,"column":68}},"type":"cond-expr","locations":[{"start":{"line":121,"column":38},"end":{"line":121,"column":61}},{"start":{"line":121,"column":64},"end":{"line":121,"column":68}}],"line":121},"3":{"loc":{"start":{"line":125,"column":13},"end":{"line":125,"column":143}},"type":"cond-expr","locations":[{"start":{"line":125,"column":38},"end":{"line":125,"column":136}},{"start":{"line":125,"column":139},"end":{"line":125,"column":143}}],"line":125},"4":{"loc":{"start":{"line":128,"column":13},"end":{"line":128,"column":106}},"type":"cond-expr","locations":[{"start":{"line":128,"column":43},"end":{"line":128,"column":99}},{"start":{"line":128,"column":102},"end":{"line":128,"column":106}}],"line":128},"5":{"loc":{"start":{"line":137,"column":4},"end":{"line":139,"column":5}},"type":"if","locations":[{"start":{"line":137,"column":4},"end":{"line":139,"column":5}},{"start":{"line":137,"column":4},"end":{"line":139,"column":5}}],"line":137},"6":{"loc":{"start":{"line":167,"column":17},"end":{"line":167,"column":76}},"type":"cond-expr","locations":[{"start":{"line":167,"column":45},"end":{"line":167,"column":69}},{"start":{"line":167,"column":72},"end":{"line":167,"column":76}}],"line":167},"7":{"loc":{"start":{"line":169,"column":15},"end":{"line":173,"column":15}},"type":"binary-expr","locations":[{"start":{"line":169,"column":15},"end":{"line":169,"column":22}},{"start":{"line":170,"column":16},"end":{"line":172,"column":23}}],"line":169}},"s":{"0":0,"1":0,"2":0,"3":0,"4":0,"5":0,"6":0,"7":0,"8":0,"9":0,"10":0,"11":0,"12":0,"13":0,"14":0,"15":0,"16":0,"17":0,"18":0,"19":0,"20":0,"21":0,"22":0,"23":0,"24":0,"25":0,"26":0,"27":0,"28":0,"29":0,"30":0,"31":0,"32":0,"33":0,"34":0,"35":0,"36":0,"37":0,"38":0,"39":0,"40":0,"41":0,"42":0,"43":0,"44":0,"45":0},"f":{"0":0,"1":0,"2":0,"3":0,"4":0,"5":0,"6":0,"7":0,"8":0,"9":0,"10":0,"11":0,"12":0,"13":0,"14":0},"b":{"0":[0,0],"1":[0,0],"2":[0,0],"3":[0,0],"4":[0,0],"5":[0,0],"6":[0,0],"7":[0,0]},"hash":"bf5fc041f10126e7790cc69a928af36c62fde16e"}
,"/Users/siman/Documents/Projects/InDeepShip/bow/src/constants/routes.js": {"path":"/Users/siman/Documents/Projects/InDeepShip/bow/src/constants/routes.js","statementMap":{"0":{"start":{"line":1,"column":23},"end":{"line":1,"column":26}},"1":{"start":{"line":2,"column":28},"end":{"line":2,"column":43}},"2":{"start":{"line":3,"column":24},"end":{"line":3,"column":35}},"3":{"start":{"line":4,"column":22},"end":{"line":4,"column":31}},"4":{"start":{"line":5,"column":26},"end":{"line":5,"column":38}},"5":{"start":{"line":6,"column":21},"end":{"line":6,"column":29}},"6":{"start":{"line":7,"column":23},"end":{"line":7,"column":32}},"7":{"start":{"line":8,"column":34},"end":{"line":8,"column":53}},"8":{"start":{"line":9,"column":30},"end":{"line":9,"column":46}},"9":{"start":{"line":10,"column":38},"end":{"line":10,"column":61}},"10":{"start":{"line":11,"column":44},"end":{"line":11,"column":75}},"11":{"start":{"line":12,"column":36},"end":{"line":12,"column":59}},"12":{"start":{"line":13,"column":25},"end":{"line":13,"column":37}}},"fnMap":{},"branchMap":{},"s":{"0":0,"1":0,"2":0,"3":0,"4":0,"5":0,"6":0,"7":0,"8":0,"9":0,"10":0,"11":0,"12":0},"f":{},"b":{},"hash":"0dee11b0409fc1bd30fbb7b68279c7923597c6d6"}
,"/Users/siman/Documents/Projects/InDeepShip/bow/src/reducers/authReducer.js": {"path":"/Users/siman/Documents/Projects/InDeepShip/bow/src/reducers/authReducer.js","statementMap":{"0":{"start":{"line":5,"column":21},"end":{"line":10,"column":1}},"1":{"start":{"line":12,"column":18},"end":{"line":17,"column":1}},"2":{"start":{"line":13,"column":2},"end":{"line":16,"column":5}},"3":{"start":{"line":19,"column":20},"end":{"line":26,"column":1}},"4":{"start":{"line":20,"column":2},"end":{"line":25,"column":5}},"5":{"start":{"line":28,"column":17},"end":{"line":33,"column":1}},"6":{"start":{"line":29,"column":2},"end":{"line":32,"column":5}},"7":{"start":{"line":35,"column":19},"end":{"line":40,"column":1}},"8":{"start":{"line":36,"column":2},"end":{"line":39,"column":5}},"9":{"start":{"line":42,"column":16},"end":{"line":55,"column":1}},"10":{"start":{"line":43,"column":2},"end":{"line":54,"column":3}},"11":{"start":{"line":45,"column":6},"end":{"line":45,"column":38}},"12":{"start":{"line":47,"column":6},"end":{"line":47,"column":40}},"13":{"start":{"line":49,"column":6},"end":{"line":49,"column":37}},"14":{"start":{"line":51,"column":6},"end":{"line":51,"column":39}},"15":{"start":{"line":53,"column":6},"end":{"line":53,"column":19}}},"fnMap":{"0":{"name":"(anonymous_0)","decl":{"start":{"line":12,"column":18},"end":{"line":12,"column":19}},"loc":{"start":{"line":12,"column":37},"end":{"line":17,"column":1}},"line":12},"1":{"name":"(anonymous_1)","decl":{"start":{"line":19,"column":20},"end":{"line":19,"column":21}},"loc":{"start":{"line":19,"column":39},"end":{"line":26,"column":1}},"line":19},"2":{"name":"(anonymous_2)","decl":{"start":{"line":28,"column":17},"end":{"line":28,"column":18}},"loc":{"start":{"line":28,"column":36},"end":{"line":33,"column":1}},"line":28},"3":{"name":"(anonymous_3)","decl":{"start":{"line":35,"column":19},"end":{"line":35,"column":20}},"loc":{"start":{"line":35,"column":38},"end":{"line":40,"column":1}},"line":35},"4":{"name":"(anonymous_4)","decl":{"start":{"line":42,"column":16},"end":{"line":42,"column":17}},"loc":{"start":{"line":42,"column":50},"end":{"line":55,"column":1}},"line":42}},"branchMap":{"0":{"loc":{"start":{"line":42,"column":17},"end":{"line":42,"column":37}},"type":"default-arg","locations":[{"start":{"line":42,"column":25},"end":{"line":42,"column":37}}],"line":42},"1":{"loc":{"start":{"line":43,"column":2},"end":{"line":54,"column":3}},"type":"switch","locations":[{"start":{"line":44,"column":4},"end":{"line":45,"column":38}},{"start":{"line":46,"column":4},"end":{"line":47,"column":40}},{"start":{"line":48,"column":4},"end":{"line":49,"column":37}},{"start":{"line":50,"column":4},"end":{"line":51,"column":39}},{"start":{"line":52,"column":4},"end":{"line":53,"column":19}}],"line":43}},"s":{"0":0,"1":0,"2":0,"3":0,"4":0,"5":0,"6":0,"7":0,"8":0,"9":0,"10":0,"11":0,"12":0,"13":0,"14":0,"15":0},"f":{"0":0,"1":0,"2":0,"3":0,"4":0},"b":{"0":[0],"1":[0,0,0,0,0]},"hash":"b84e7a0a18012a7ef52f775a8770ff536c42a12f"}
,"/Users/siman/Documents/Projects/InDeepShip/bow/src/reducers/index.js": {"path":"/Users/siman/Documents/Projects/InDeepShip/bow/src/reducers/index.js","statementMap":{},"fnMap":{},"branchMap":{},"s":{},"f":{},"b":{},"hash":"661605332f15b78ae49612974b98968d14c9c11a"}
,"/Users/siman/Documents/Projects/InDeepShip/bow/src/reducers/loadReducer.js": {"path":"/Users/siman/Documents/Projects/InDeepShip/bow/src/reducers/loadReducer.js","statementMap":{"0":{"start":{"line":7,"column":2},"end":{"line":12,"column":3}},"1":{"start":{"line":9,"column":6},"end":{"line":9,"column":36}},"2":{"start":{"line":11,"column":6},"end":{"line":11,"column":19}}},"fnMap":{"0":{"name":"(anonymous_0)","decl":{"start":{"line":6,"column":15},"end":{"line":6,"column":16}},"loc":{"start":{"line":6,"column":47},"end":{"line":13,"column":1}},"line":6}},"branchMap":{"0":{"loc":{"start":{"line":6,"column":25},"end":{"line":6,"column":37}},"type":"default-arg","locations":[{"start":{"line":6,"column":33},"end":{"line":6,"column":37}}],"line":6},"1":{"loc":{"start":{"line":7,"column":2},"end":{"line":12,"column":3}},"type":"switch","locations":[{"start":{"line":8,"column":4},"end":{"line":9,"column":36}},{"start":{"line":10,"column":4},"end":{"line":11,"column":19}}],"line":7},"2":{"loc":{"start":{"line":9,"column":13},"end":{"line":9,"column":35}},"type":"cond-expr","locations":[{"start":{"line":9,"column":30},"end":{"line":9,"column":31}},{"start":{"line":9,"column":34},"end":{"line":9,"column":35}}],"line":9}},"s":{"0":0,"1":0,"2":0},"f":{"0":0},"b":{"0":[0],"1":[0,0],"2":[0,0]},"hash":"9e42d1242b12d7c7b1e1947be3b2d4359f9eaeaf"}
,"/Users/siman/Documents/Projects/InDeepShip/bow/src/reducers/registerReducer.js": {"path":"/Users/siman/Documents/Projects/InDeepShip/bow/src/reducers/registerReducer.js","statementMap":{"0":{"start":{"line":4,"column":21},"end":{"line":8,"column":1}},"1":{"start":{"line":10,"column":26},"end":{"line":15,"column":1}},"2":{"start":{"line":11,"column":2},"end":{"line":14,"column":5}},"3":{"start":{"line":17,"column":28},"end":{"line":23,"column":1}},"4":{"start":{"line":18,"column":2},"end":{"line":22,"column":5}},"5":{"start":{"line":25,"column":25},"end":{"line":30,"column":1}},"6":{"start":{"line":26,"column":2},"end":{"line":29,"column":5}},"7":{"start":{"line":32,"column":16},"end":{"line":43,"column":1}},"8":{"start":{"line":33,"column":4},"end":{"line":42,"column":5}},"9":{"start":{"line":35,"column":12},"end":{"line":35,"column":52}},"10":{"start":{"line":37,"column":12},"end":{"line":37,"column":54}},"11":{"start":{"line":39,"column":12},"end":{"line":39,"column":51}},"12":{"start":{"line":41,"column":12},"end":{"line":41,"column":25}}},"fnMap":{"0":{"name":"(anonymous_0)","decl":{"start":{"line":10,"column":26},"end":{"line":10,"column":27}},"loc":{"start":{"line":10,"column":45},"end":{"line":15,"column":1}},"line":10},"1":{"name":"(anonymous_1)","decl":{"start":{"line":17,"column":28},"end":{"line":17,"column":29}},"loc":{"start":{"line":17,"column":47},"end":{"line":23,"column":1}},"line":17},"2":{"name":"(anonymous_2)","decl":{"start":{"line":25,"column":25},"end":{"line":25,"column":26}},"loc":{"start":{"line":25,"column":44},"end":{"line":30,"column":1}},"line":25},"3":{"name":"(anonymous_3)","decl":{"start":{"line":32,"column":16},"end":{"line":32,"column":17}},"loc":{"start":{"line":32,"column":50},"end":{"line":43,"column":1}},"line":32}},"branchMap":{"0":{"loc":{"start":{"line":32,"column":17},"end":{"line":32,"column":37}},"type":"default-arg","locations":[{"start":{"line":32,"column":25},"end":{"line":32,"column":37}}],"line":32},"1":{"loc":{"start":{"line":33,"column":4},"end":{"line":42,"column":5}},"type":"switch","locations":[{"start":{"line":34,"column":8},"end":{"line":35,"column":52}},{"start":{"line":36,"column":8},"end":{"line":37,"column":54}},{"start":{"line":38,"column":8},"end":{"line":39,"column":51}},{"start":{"line":40,"column":8},"end":{"line":41,"column":25}}],"line":33}},"s":{"0":0,"1":0,"2":0,"3":0,"4":0,"5":0,"6":0,"7":0,"8":0,"9":0,"10":0,"11":0,"12":0},"f":{"0":0,"1":0,"2":0,"3":0},"b":{"0":[0],"1":[0,0,0,0]},"hash":"5d035d9ee812c2102154a9d27139f804db34ce5a"}
}
