{"/Users/siman/Documents/Projects/InDeepShip/bow/src/components/Signup.js": {"path":"/Users/siman/Documents/Projects/InDeepShip/bow/src/components/Signup.js","statementMap":{"0":{"start":{"line":12,"column":15},"end":{"line":14,"column":1}},"1":{"start":{"line":20,"column":18},"end":{"line":40,"column":1}},"2":{"start":{"line":21,"column":16},"end":{"line":21,"column":20}},"3":{"start":{"line":23,"column":2},"end":{"line":29,"column":5}},"4":{"start":{"line":24,"column":4},"end":{"line":27,"column":5}},"5":{"start":{"line":25,"column":6},"end":{"line":25,"column":21}},"6":{"start":{"line":26,"column":6},"end":{"line":26,"column":19}},"7":{"start":{"line":28,"column":4},"end":{"line":28,"column":16}},"8":{"start":{"line":31,"column":2},"end":{"line":37,"column":5}},"9":{"start":{"line":32,"column":4},"end":{"line":35,"column":5}},"10":{"start":{"line":33,"column":6},"end":{"line":33,"column":21}},"11":{"start":{"line":34,"column":6},"end":{"line":34,"column":18}},"12":{"start":{"line":36,"column":4},"end":{"line":36,"column":16}},"13":{"start":{"line":39,"column":2},"end":{"line":39,"column":17}},"14":{"start":{"line":45,"column":4},"end":{"line":45,"column":16}},"15":{"start":{"line":47,"column":4},"end":{"line":63,"column":5}},"16":{"start":{"line":66,"column":13},"end":{"line":75,"column":3}},"17":{"start":{"line":67,"column":4},"end":{"line":67,"column":23}},"18":{"start":{"line":68,"column":4},"end":{"line":74,"column":5}},"19":{"start":{"line":69,"column":70},"end":{"line":69,"column":80}},"20":{"start":{"line":70,"column":6},"end":{"line":70,"column":77}},"21":{"start":{"line":71,"column":6},"end":{"line":71,"column":29}},"22":{"start":{"line":73,"column":6},"end":{"line":73,"column":38}},"23":{"start":{"line":81,"column":18},"end":{"line":113,"column":3}},"24":{"start":{"line":82,"column":4},"end":{"line":82,"column":23}},"25":{"start":{"line":83,"column":28},"end":{"line":83,"column":36}},"26":{"start":{"line":84,"column":18},"end":{"line":84,"column":43}},"27":{"start":{"line":86,"column":4},"end":{"line":107,"column":5}},"28":{"start":{"line":88,"column":8},"end":{"line":90,"column":39}},"29":{"start":{"line":91,"column":8},"end":{"line":91,"column":14}},"30":{"start":{"line":93,"column":8},"end":{"line":93,"column":70}},"31":{"start":{"line":94,"column":8},"end":{"line":94,"column":14}},"32":{"start":{"line":96,"column":8},"end":{"line":96,"column":76}},"33":{"start":{"line":98,"column":8},"end":{"line":99,"column":68}},"34":{"start":{"line":100,"column":8},"end":{"line":100,"column":14}},"35":{"start":{"line":102,"column":8},"end":{"line":103,"column":68}},"36":{"start":{"line":104,"column":8},"end":{"line":104,"column":14}},"37":{"start":{"line":106,"column":8},"end":{"line":106,"column":14}},"38":{"start":{"line":109,"column":4},"end":{"line":112,"column":6}},"39":{"start":{"line":116,"column":4},"end":{"line":181,"column":6}},"40":{"start":{"line":122,"column":101},"end":{"line":122,"column":138}},"41":{"start":{"line":141,"column":100},"end":{"line":141,"column":136}},"42":{"start":{"line":160,"column":103},"end":{"line":160,"column":142}},"43":{"start":{"line":185,"column":24},"end":{"line":185,"column":34}},"44":{"start":{"line":186,"column":38},"end":{"line":186,"column":48}},"45":{"start":{"line":187,"column":29},"end":{"line":187,"column":72}},"46":{"start":{"line":189,"column":4},"end":{"line":191,"column":5}},"47":{"start":{"line":190,"column":6},"end":{"line":190,"column":46}},"48":{"start":{"line":193,"column":4},"end":{"line":195,"column":5}},"49":{"start":{"line":194,"column":6},"end":{"line":194,"column":38}},"50":{"start":{"line":197,"column":4},"end":{"line":197,"column":56}},"51":{"start":{"line":199,"column":4},"end":{"line":205,"column":5}},"52":{"start":{"line":200,"column":6},"end":{"line":204,"column":8}},"53":{"start":{"line":207,"column":4},"end":{"line":317,"column":5}},"54":{"start":{"line":208,"column":6},"end":{"line":316,"column":8}},"55":{"start":{"line":282,"column":72},"end":{"line":282,"column":114}},"56":{"start":{"line":300,"column":95},"end":{"line":300,"column":134}},"57":{"start":{"line":321,"column":24},"end":{"line":327,"column":1}},"58":{"start":{"line":322,"column":2},"end":{"line":326,"column":4}},"59":{"start":{"line":329,"column":27},"end":{"line":334,"column":1}},"60":{"start":{"line":330,"column":2},"end":{"line":333,"column":4}},"61":{"start":{"line":332,"column":6},"end":{"line":332,"column":79}},"62":{"start":{"line":336,"column":15},"end":{"line":339,"column":13}}},"fnMap":{"0":{"name":"(anonymous_0)","decl":{"start":{"line":20,"column":18},"end":{"line":20,"column":19}},"loc":{"start":{"line":20,"column":44},"end":{"line":40,"column":1}},"line":20},"1":{"name":"(anonymous_1)","decl":{"start":{"line":23,"column":31},"end":{"line":23,"column":32}},"loc":{"start":{"line":23,"column":38},"end":{"line":29,"column":3}},"line":23},"2":{"name":"(anonymous_2)","decl":{"start":{"line":31,"column":28},"end":{"line":31,"column":29}},"loc":{"start":{"line":31,"column":35},"end":{"line":37,"column":3}},"line":31},"3":{"name":"(anonymous_3)","decl":{"start":{"line":44,"column":2},"end":{"line":44,"column":3}},"loc":{"start":{"line":44,"column":21},"end":{"line":64,"column":3}},"line":44},"4":{"name":"(anonymous_4)","decl":{"start":{"line":66,"column":13},"end":{"line":66,"column":14}},"loc":{"start":{"line":66,"column":18},"end":{"line":75,"column":3}},"line":66},"5":{"name":"(anonymous_5)","decl":{"start":{"line":81,"column":18},"end":{"line":81,"column":19}},"loc":{"start":{"line":81,"column":23},"end":{"line":113,"column":3}},"line":81},"6":{"name":"(anonymous_6)","decl":{"start":{"line":115,"column":2},"end":{"line":115,"column":3}},"loc":{"start":{"line":115,"column":22},"end":{"line":182,"column":3}},"line":115},"7":{"name":"(anonymous_7)","decl":{"start":{"line":122,"column":95},"end":{"line":122,"column":96}},"loc":{"start":{"line":122,"column":101},"end":{"line":122,"column":138}},"line":122},"8":{"name":"(anonymous_8)","decl":{"start":{"line":141,"column":94},"end":{"line":141,"column":95}},"loc":{"start":{"line":141,"column":100},"end":{"line":141,"column":136}},"line":141},"9":{"name":"(anonymous_9)","decl":{"start":{"line":160,"column":97},"end":{"line":160,"column":98}},"loc":{"start":{"line":160,"column":103},"end":{"line":160,"column":142}},"line":160},"10":{"name":"(anonymous_10)","decl":{"start":{"line":184,"column":2},"end":{"line":184,"column":3}},"loc":{"start":{"line":184,"column":11},"end":{"line":318,"column":3}},"line":184},"11":{"name":"(anonymous_11)","decl":{"start":{"line":282,"column":65},"end":{"line":282,"column":66}},"loc":{"start":{"line":282,"column":72},"end":{"line":282,"column":114}},"line":282},"12":{"name":"(anonymous_12)","decl":{"start":{"line":300,"column":87},"end":{"line":300,"column":88}},"loc":{"start":{"line":300,"column":93},"end":{"line":300,"column":136}},"line":300},"13":{"name":"(anonymous_13)","decl":{"start":{"line":321,"column":24},"end":{"line":321,"column":25}},"loc":{"start":{"line":321,"column":33},"end":{"line":327,"column":1}},"line":321},"14":{"name":"(anonymous_14)","decl":{"start":{"line":329,"column":27},"end":{"line":329,"column":28}},"loc":{"start":{"line":329,"column":41},"end":{"line":334,"column":1}},"line":329},"15":{"name":"(anonymous_15)","decl":{"start":{"line":331,"column":12},"end":{"line":331,"column":13}},"loc":{"start":{"line":332,"column":6},"end":{"line":332,"column":79}},"line":332}},"branchMap":{"0":{"loc":{"start":{"line":24,"column":4},"end":{"line":27,"column":5}},"type":"if","locations":[{"start":{"line":24,"column":4},"end":{"line":27,"column":5}},{"start":{"line":24,"column":4},"end":{"line":27,"column":5}}],"line":24},"1":{"loc":{"start":{"line":32,"column":4},"end":{"line":35,"column":5}},"type":"if","locations":[{"start":{"line":32,"column":4},"end":{"line":35,"column":5}},{"start":{"line":32,"column":4},"end":{"line":35,"column":5}}],"line":32},"2":{"loc":{"start":{"line":68,"column":4},"end":{"line":74,"column":5}},"type":"if","locations":[{"start":{"line":68,"column":4},"end":{"line":74,"column":5}},{"start":{"line":68,"column":4},"end":{"line":74,"column":5}}],"line":68},"3":{"loc":{"start":{"line":86,"column":4},"end":{"line":107,"column":5}},"type":"switch","locations":[{"start":{"line":87,"column":6},"end":{"line":91,"column":14}},{"start":{"line":92,"column":6},"end":{"line":94,"column":14}},{"start":{"line":95,"column":6},"end":{"line":96,"column":76}},{"start":{"line":97,"column":6},"end":{"line":100,"column":14}},{"start":{"line":101,"column":6},"end":{"line":104,"column":14}},{"start":{"line":105,"column":6},"end":{"line":106,"column":14}}],"line":86},"4":{"loc":{"start":{"line":88,"column":24},"end":{"line":90,"column":38}},"type":"cond-expr","locations":[{"start":{"line":89,"column":12},"end":{"line":89,"column":14}},{"start":{"line":90,"column":12},"end":{"line":90,"column":38}}],"line":88},"5":{"loc":{"start":{"line":93,"column":23},"end":{"line":93,"column":69}},"type":"cond-expr","locations":[{"start":{"line":93,"column":42},"end":{"line":93,"column":64}},{"start":{"line":93,"column":67},"end":{"line":93,"column":69}}],"line":93},"6":{"loc":{"start":{"line":96,"column":26},"end":{"line":96,"column":75}},"type":"cond-expr","locations":[{"start":{"line":96,"column":45},"end":{"line":96,"column":70}},{"start":{"line":96,"column":73},"end":{"line":96,"column":75}}],"line":96},"7":{"loc":{"start":{"line":99,"column":10},"end":{"line":99,"column":67}},"type":"cond-expr","locations":[{"start":{"line":99,"column":29},"end":{"line":99,"column":62}},{"start":{"line":99,"column":65},"end":{"line":99,"column":67}}],"line":99},"8":{"loc":{"start":{"line":103,"column":10},"end":{"line":103,"column":67}},"type":"cond-expr","locations":[{"start":{"line":103,"column":43},"end":{"line":103,"column":62}},{"start":{"line":103,"column":65},"end":{"line":103,"column":67}}],"line":103},"9":{"loc":{"start":{"line":187,"column":29},"end":{"line":187,"column":72}},"type":"cond-expr","locations":[{"start":{"line":187,"column":39},"end":{"line":187,"column":58}},{"start":{"line":187,"column":61},"end":{"line":187,"column":72}}],"line":187},"10":{"loc":{"start":{"line":189,"column":4},"end":{"line":191,"column":5}},"type":"if","locations":[{"start":{"line":189,"column":4},"end":{"line":191,"column":5}},{"start":{"line":189,"column":4},"end":{"line":191,"column":5}}],"line":189},"11":{"loc":{"start":{"line":193,"column":4},"end":{"line":195,"column":5}},"type":"if","locations":[{"start":{"line":193,"column":4},"end":{"line":195,"column":5}},{"start":{"line":193,"column":4},"end":{"line":195,"column":5}}],"line":193},"12":{"loc":{"start":{"line":199,"column":4},"end":{"line":205,"column":5}},"type":"if","locations":[{"start":{"line":199,"column":4},"end":{"line":205,"column":5}},{"start":{"line":199,"column":4},"end":{"line":205,"column":5}}],"line":199},"13":{"loc":{"start":{"line":207,"column":4},"end":{"line":317,"column":5}},"type":"if","locations":[{"start":{"line":207,"column":4},"end":{"line":317,"column":5}},{"start":{"line":207,"column":4},"end":{"line":317,"column":5}}],"line":207},"14":{"loc":{"start":{"line":218,"column":17},"end":{"line":222,"column":17}},"type":"binary-expr","locations":[{"start":{"line":218,"column":17},"end":{"line":218,"column":40}},{"start":{"line":219,"column":18},"end":{"line":221,"column":22}}],"line":218},"15":{"loc":{"start":{"line":244,"column":17},"end":{"line":248,"column":17}},"type":"binary-expr","locations":[{"start":{"line":244,"column":17},"end":{"line":244,"column":41}},{"start":{"line":245,"column":18},"end":{"line":247,"column":22}}],"line":244},"16":{"loc":{"start":{"line":258,"column":17},"end":{"line":262,"column":17}},"type":"binary-expr","locations":[{"start":{"line":258,"column":17},"end":{"line":258,"column":45}},{"start":{"line":259,"column":18},"end":{"line":261,"column":22}}],"line":258},"17":{"loc":{"start":{"line":272,"column":17},"end":{"line":276,"column":17}},"type":"binary-expr","locations":[{"start":{"line":272,"column":17},"end":{"line":272,"column":45}},{"start":{"line":273,"column":18},"end":{"line":275,"column":22}}],"line":272},"18":{"loc":{"start":{"line":308,"column":15},"end":{"line":312,"column":15}},"type":"binary-expr","locations":[{"start":{"line":308,"column":15},"end":{"line":308,"column":22}},{"start":{"line":309,"column":16},"end":{"line":311,"column":23}}],"line":308}},"s":{"0":0,"1":0,"2":0,"3":0,"4":0,"5":0,"6":0,"7":0,"8":0,"9":0,"10":0,"11":0,"12":0,"13":0,"14":0,"15":0,"16":0,"17":0,"18":0,"19":0,"20":0,"21":0,"22":0,"23":0,"24":0,"25":0,"26":0,"27":0,"28":0,"29":0,"30":0,"31":0,"32":0,"33":0,"34":0,"35":0,"36":0,"37":0,"38":0,"39":0,"40":0,"41":0,"42":0,"43":0,"44":0,"45":0,"46":0,"47":0,"48":0,"49":0,"50":0,"51":0,"52":0,"53":0,"54":0,"55":0,"56":0,"57":0,"58":0,"59":0,"60":0,"61":0,"62":0},"f":{"0":0,"1":0,"2":0,"3":0,"4":0,"5":0,"6":0,"7":0,"8":0,"9":0,"10":0,"11":0,"12":0,"13":0,"14":0,"15":0},"b":{"0":[0,0],"1":[0,0],"2":[0,0],"3":[0,0,0,0,0,0],"4":[0,0],"5":[0,0],"6":[0,0],"7":[0,0],"8":[0,0],"9":[0,0],"10":[0,0],"11":[0,0],"12":[0,0],"13":[0,0],"14":[0,0],"15":[0,0],"16":[0,0],"17":[0,0],"18":[0,0]},"hash":"05c1a49695a3fdea24db37eb58c933fdc0d3196e"}
,"/Users/siman/Documents/Projects/InDeepShip/bow/src/constants/environment.js": {"path":"/Users/siman/Documents/Projects/InDeepShip/bow/src/constants/environment.js","statementMap":{"0":{"start":{"line":1,"column":42},"end":{"line":1,"column":65}},"1":{"start":{"line":2,"column":41},"end":{"line":2,"column":65}},"2":{"start":{"line":12,"column":30},"end":{"line":12,"column":56}}},"fnMap":{},"branchMap":{},"s":{"0":1,"1":1,"2":1},"f":{},"b":{},"_coverageSchema":"43e27e138ebf9cfc5966b082cf9a028302ed4184","hash":"7c2ef7de7bab49b05e194527d3ad2ef86d0b5132"}
}
