TN:
SF:/Users/siman/Documents/Projects/InDeepShip/bow/jest-puppeteer.config.js
FNF:0
FNH:0
DA:1,0
LF:1
LH:0
BRF:0
BRH:0
end_of_record
TN:
SF:/Users/siman/Documents/Projects/InDeepShip/bow/src/index.js
FNF:0
FNH:0
DA:9,0
DA:10,0
DA:11,0
DA:13,0
DA:18,0
LF:5
LH:0
BRF:0
BRH:0
end_of_record
TN:
SF:/Users/siman/Documents/Projects/InDeepShip/bow/src/serviceWorker.js
FN:23,register
FN:34,(anonymous_1)
FN:43,(anonymous_2)
FN:57,registerValidSW
FN:60,(anonymous_4)
FN:61,(anonymous_5)
FN:66,(anonymous_6)
FN:96,(anonymous_7)
FN:101,checkValidServiceWorker
FN:106,(anonymous_9)
FN:114,(anonymous_10)
FN:115,(anonymous_11)
FN:124,(anonymous_12)
FN:131,unregister
FN:134,(anonymous_14)
FN:137,(anonymous_15)
FNF:16
FNH:0
FNDA:0,register
FNDA:0,(anonymous_1)
FNDA:0,(anonymous_2)
FNDA:0,registerValidSW
FNDA:0,(anonymous_4)
FNDA:0,(anonymous_5)
FNDA:0,(anonymous_6)
FNDA:0,(anonymous_7)
FNDA:0,checkValidServiceWorker
FNDA:0,(anonymous_9)
FNDA:0,(anonymous_10)
FNDA:0,(anonymous_11)
FNDA:0,(anonymous_12)
FNDA:0,unregister
FNDA:0,(anonymous_14)
FNDA:0,(anonymous_15)
DA:13,0
DA:24,0
DA:26,0
DA:27,0
DA:31,0
DA:34,0
DA:35,0
DA:37,0
DA:39,0
DA:43,0
DA:44,0
DA:51,0
DA:58,0
DA:61,0
DA:62,0
DA:63,0
DA:64,0
DA:66,0
DA:67,0
DA:68,0
DA:72,0
DA:78,0
DA:79,0
DA:85,0
DA:88,0
DA:89,0
DA:97,0
DA:103,0
DA:108,0
DA:109,0
DA:114,0
DA:115,0
DA:116,0
DA:121,0
DA:125,0
DA:132,0
DA:133,0
DA:135,0
DA:138,0
LF:39
LH:0
BRDA:14,0,0,0
BRDA:14,0,1,0
BRDA:14,0,2,0
BRDA:24,1,0,0
BRDA:24,1,1,0
BRDA:24,2,0,0
BRDA:24,2,1,0
BRDA:27,3,0,0
BRDA:27,3,1,0
BRDA:37,4,0,0
BRDA:37,4,1,0
BRDA:63,5,0,0
BRDA:63,5,1,0
BRDA:67,6,0,0
BRDA:67,6,1,0
BRDA:68,7,0,0
BRDA:68,7,1,0
BRDA:78,8,0,0
BRDA:78,8,1,0
BRDA:78,9,0,0
BRDA:78,9,1,0
BRDA:88,10,0,0
BRDA:88,10,1,0
BRDA:88,11,0,0
BRDA:88,11,1,0
BRDA:109,12,0,0
BRDA:109,12,1,0
BRDA:110,13,0,0
BRDA:110,13,1,0
BRDA:110,13,2,0
BRDA:132,14,0,0
BRDA:132,14,1,0
BRF:32
BRH:0
end_of_record
TN:
SF:/Users/siman/Documents/Projects/InDeepShip/bow/src/setupTests.js
FNF:0
FNH:0
LF:0
LH:0
BRF:0
BRH:0
end_of_record
TN:
SF:/Users/siman/Documents/Projects/InDeepShip/bow/src/store.js
FNF:0
FNH:0
DA:5,0
DA:8,0
DA:9,0
LF:3
LH:0
BRF:0
BRH:0
end_of_record
TN:
SF:/Users/siman/Documents/Projects/InDeepShip/bow/src/utility.js
FN:1,(anonymous_0)
FN:11,(anonymous_1)
FN:24,(anonymous_2)
FNF:3
FNH:2
FNDA:0,(anonymous_0)
FNDA:2,(anonymous_1)
FNDA:1,(anonymous_2)
DA:1,2
DA:2,0
DA:11,2
DA:13,2
DA:15,2
DA:24,2
DA:26,1
LF:7
LH:6
BRDA:11,0,0,2
BRF:1
BRH:1
end_of_record
TN:
SF:/Users/siman/Documents/Projects/InDeepShip/bow/src/actions/index.js
FN:4,(anonymous_0)
FN:10,(anonymous_1)
FN:16,(anonymous_2)
FN:22,(anonymous_3)
FN:28,(anonymous_4)
FN:36,(anonymous_5)
FN:44,(anonymous_6)
FN:51,(anonymous_7)
FN:59,(anonymous_8)
FN:66,(anonymous_9)
FN:73,(anonymous_10)
FN:82,(anonymous_11)
FN:83,(anonymous_12)
FN:84,(anonymous_13)
FN:90,(anonymous_14)
FN:91,(anonymous_15)
FN:103,(anonymous_16)
FN:113,(anonymous_17)
FN:119,(anonymous_18)
FN:120,(anonymous_19)
FN:128,(anonymous_20)
FN:133,(anonymous_21)
FN:139,(anonymous_22)
FN:140,(anonymous_23)
FN:146,(anonymous_24)
FN:151,(anonymous_25)
FN:157,(anonymous_26)
FN:158,(anonymous_27)
FN:164,(anonymous_28)
FN:169,(anonymous_29)
FN:175,(anonymous_30)
FN:176,(anonymous_31)
FN:184,(anonymous_32)
FN:194,(anonymous_33)
FN:200,(anonymous_34)
FN:200,(anonymous_35)
FNF:36
FNH:0
FNDA:0,(anonymous_0)
FNDA:0,(anonymous_1)
FNDA:0,(anonymous_2)
FNDA:0,(anonymous_3)
FNDA:0,(anonymous_4)
FNDA:0,(anonymous_5)
FNDA:0,(anonymous_6)
FNDA:0,(anonymous_7)
FNDA:0,(anonymous_8)
FNDA:0,(anonymous_9)
FNDA:0,(anonymous_10)
FNDA:0,(anonymous_11)
FNDA:0,(anonymous_12)
FNDA:0,(anonymous_13)
FNDA:0,(anonymous_14)
FNDA:0,(anonymous_15)
FNDA:0,(anonymous_16)
FNDA:0,(anonymous_17)
FNDA:0,(anonymous_18)
FNDA:0,(anonymous_19)
FNDA:0,(anonymous_20)
FNDA:0,(anonymous_21)
FNDA:0,(anonymous_22)
FNDA:0,(anonymous_23)
FNDA:0,(anonymous_24)
FNDA:0,(anonymous_25)
FNDA:0,(anonymous_26)
FNDA:0,(anonymous_27)
FNDA:0,(anonymous_28)
FNDA:0,(anonymous_29)
FNDA:0,(anonymous_30)
FNDA:0,(anonymous_31)
FNDA:0,(anonymous_32)
FNDA:0,(anonymous_33)
FNDA:0,(anonymous_34)
FNDA:0,(anonymous_35)
DA:4,0
DA:5,0
DA:10,0
DA:11,0
DA:16,0
DA:17,0
DA:22,0
DA:23,0
DA:28,0
DA:29,0
DA:36,0
DA:37,0
DA:44,0
DA:45,0
DA:51,0
DA:52,0
DA:59,0
DA:60,0
DA:66,0
DA:67,0
DA:73,0
DA:74,0
DA:75,0
DA:76,0
DA:77,0
DA:82,0
DA:83,0
DA:84,0
DA:85,0
DA:90,0
DA:91,0
DA:92,0
DA:93,0
DA:104,0
DA:105,0
DA:106,0
DA:107,0
DA:108,0
DA:109,0
DA:110,0
DA:111,0
DA:114,0
DA:119,0
DA:120,0
DA:121,0
DA:122,0
DA:129,0
DA:130,0
DA:131,0
DA:134,0
DA:139,0
DA:140,0
DA:141,0
DA:142,0
DA:147,0
DA:148,0
DA:149,0
DA:152,0
DA:157,0
DA:158,0
DA:159,0
DA:160,0
DA:165,0
DA:166,0
DA:167,0
DA:170,0
DA:175,0
DA:176,0
DA:177,0
DA:178,0
DA:185,0
DA:186,0
DA:187,0
DA:188,0
DA:189,0
DA:190,0
DA:191,0
DA:192,0
DA:195,0
DA:200,0
DA:213,0
DA:214,0
LF:82
LH:0
BRF:0
BRH:0
end_of_record
TN:
SF:/Users/siman/Documents/Projects/InDeepShip/bow/src/actions/types.js
FNF:0
FNH:0
DA:1,0
DA:2,0
DA:3,0
DA:4,0
DA:5,0
DA:6,0
DA:7,0
DA:8,0
DA:9,0
DA:10,0
DA:11,0
DA:12,0
DA:13,0
LF:13
LH:0
BRF:0
BRH:0
end_of_record
TN:
SF:/Users/siman/Documents/Projects/InDeepShip/bow/src/components/App.js
FN:27,(anonymous_0)
FN:37,(anonymous_1)
FN:41,(anonymous_2)
FN:80,(anonymous_3)
FN:82,(anonymous_4)
FN:103,mapStateToProps
FNF:6
FNH:0
FNDA:0,(anonymous_0)
FNDA:0,(anonymous_1)
FNDA:0,(anonymous_2)
FNDA:0,(anonymous_3)
FNDA:0,(anonymous_4)
FNDA:0,mapStateToProps
DA:27,0
DA:30,0
DA:38,0
DA:42,0
DA:44,0
DA:82,0
DA:83,0
DA:85,0
DA:88,0
DA:104,0
LF:10
LH:0
BRDA:32,0,0,0
BRDA:32,0,1,0
BRDA:44,1,0,0
BRDA:44,1,1,0
BRDA:76,2,0,0
BRDA:76,2,1,0
BRDA:83,3,0,0
BRDA:83,3,1,0
BRDA:92,4,0,0
BRDA:92,4,1,0
BRF:10
BRH:0
end_of_record
TN:
SF:/Users/siman/Documents/Projects/InDeepShip/bow/src/components/ContactUs.js
FN:6,(anonymous_0)
FN:12,(anonymous_1)
FNF:2
FNH:0
FNDA:0,(anonymous_0)
FNDA:0,(anonymous_1)
DA:7,0
DA:9,0
DA:13,0
LF:3
LH:0
BRF:0
BRH:0
end_of_record
TN:
SF:/Users/siman/Documents/Projects/InDeepShip/bow/src/components/DropZoneField.js
FN:8,(anonymous_0)
FN:16,(anonymous_1)
FN:30,(anonymous_2)
FN:43,(anonymous_3)
FN:53,(anonymous_4)
FNF:5
FNH:0
FNDA:0,(anonymous_0)
FNDA:0,(anonymous_1)
FNDA:0,(anonymous_2)
FNDA:0,(anonymous_3)
FNDA:0,(anonymous_4)
DA:5,0
DA:8,0
DA:9,0
DA:10,0
DA:12,0
DA:13,0
DA:15,0
DA:16,0
DA:29,0
DA:30,0
DA:39,0
DA:40,0
DA:44,0
DA:45,0
DA:54,0
LF:15
LH:0
BRDA:56,0,0,0
BRDA:56,0,1,0
BRDA:56,1,0,0
BRDA:56,1,1,0
BRF:4
BRH:0
end_of_record
TN:
SF:/Users/siman/Documents/Projects/InDeepShip/bow/src/components/EditProfile.js
FN:12,(anonymous_0)
FN:18,(anonymous_1)
FN:48,mapStateToProps
FNF:3
FNH:0
FNDA:0,(anonymous_0)
FNDA:0,(anonymous_1)
FNDA:0,mapStateToProps
DA:13,0
DA:15,0
DA:19,0
DA:49,0
LF:4
LH:0
BRF:0
BRH:0
end_of_record
TN:
SF:/Users/siman/Documents/Projects/InDeepShip/bow/src/components/ErrorPage.js
FN:4,(anonymous_0)
FNF:1
FNH:0
FNDA:0,(anonymous_0)
DA:5,0
LF:1
LH:0
BRF:0
BRH:0
end_of_record
TN:
SF:/Users/siman/Documents/Projects/InDeepShip/bow/src/components/Footer.js
FN:5,(anonymous_0)
FN:13,(anonymous_1)
FNF:2
FNH:0
FNDA:0,(anonymous_0)
FNDA:0,(anonymous_1)
DA:6,0
DA:8,0
DA:14,0
LF:3
LH:0
BRF:0
BRH:0
end_of_record
TN:
SF:/Users/siman/Documents/Projects/InDeepShip/bow/src/components/Landing.js
FN:10,(anonymous_0)
FN:20,(anonymous_1)
FN:21,(anonymous_2)
FN:27,(anonymous_3)
FN:108,(anonymous_4)
FNF:5
FNH:0
FNDA:0,(anonymous_0)
FNDA:0,(anonymous_1)
FNDA:0,(anonymous_2)
FNDA:0,(anonymous_3)
FNDA:0,(anonymous_4)
DA:11,0
DA:12,0
DA:15,0
DA:20,0
DA:22,0
DA:28,0
DA:109,0
DA:110,0
DA:111,0
DA:112,0
DA:114,0
LF:11
LH:0
BRDA:109,0,0,0
BRDA:109,0,1,0
BRDA:111,1,0,0
BRDA:111,1,1,0
BRF:4
BRH:0
end_of_record
TN:
SF:/Users/siman/Documents/Projects/InDeepShip/bow/src/components/Login.js
FN:8,(anonymous_0)
FN:17,(anonymous_1)
FN:24,(anonymous_2)
FN:28,(anonymous_3)
FN:70,(anonymous_4)
FN:93,(anonymous_5)
FN:101,(anonymous_6)
FN:103,(anonymous_7)
FNF:8
FNH:0
FNDA:0,(anonymous_0)
FNDA:0,(anonymous_1)
FNDA:0,(anonymous_2)
FNDA:0,(anonymous_3)
FNDA:0,(anonymous_4)
FNDA:0,(anonymous_5)
FNDA:0,(anonymous_6)
FNDA:0,(anonymous_7)
DA:9,0
DA:11,0
DA:17,0
DA:18,0
DA:20,0
DA:21,0
DA:24,0
DA:25,0
DA:29,0
DA:30,0
DA:32,0
DA:33,0
DA:36,0
DA:37,0
DA:70,0
DA:93,0
DA:94,0
DA:101,0
DA:102,0
DA:103,0
DA:107,0
LF:21
LH:0
BRDA:30,0,0,0
BRDA:30,0,1,0
BRDA:32,1,0,0
BRDA:32,1,1,0
BRDA:79,2,0,0
BRDA:79,2,1,0
BRF:6
BRH:0
end_of_record
TN:
SF:/Users/siman/Documents/Projects/InDeepShip/bow/src/components/NavBar.js
FN:31,(anonymous_0)
FN:32,(anonymous_1)
FN:34,(anonymous_2)
FN:38,(anonymous_3)
FN:42,(anonymous_4)
FN:46,(anonymous_5)
FN:56,(anonymous_6)
FN:74,(anonymous_7)
FN:77,(anonymous_8)
FN:83,(anonymous_9)
FN:109,(anonymous_10)
FN:128,(anonymous_11)
FN:144,(anonymous_12)
FN:145,(anonymous_13)
FN:152,(anonymous_14)
FN:193,(anonymous_15)
FN:203,(anonymous_16)
FN:206,(anonymous_17)
FN:208,(anonymous_18)
FN:219,(anonymous_19)
FN:225,(anonymous_20)
FN:227,(anonymous_21)
FNF:22
FNH:0
FNDA:0,(anonymous_0)
FNDA:0,(anonymous_1)
FNDA:0,(anonymous_2)
FNDA:0,(anonymous_3)
FNDA:0,(anonymous_4)
FNDA:0,(anonymous_5)
FNDA:0,(anonymous_6)
FNDA:0,(anonymous_7)
FNDA:0,(anonymous_8)
FNDA:0,(anonymous_9)
FNDA:0,(anonymous_10)
FNDA:0,(anonymous_11)
FNDA:0,(anonymous_12)
FNDA:0,(anonymous_13)
FNDA:0,(anonymous_14)
FNDA:0,(anonymous_15)
FNDA:0,(anonymous_16)
FNDA:0,(anonymous_17)
FNDA:0,(anonymous_18)
FNDA:0,(anonymous_19)
FNDA:0,(anonymous_20)
FNDA:0,(anonymous_21)
DA:13,0
DA:25,0
DA:31,0
DA:32,0
DA:34,0
DA:35,0
DA:38,0
DA:39,0
DA:42,0
DA:43,0
DA:47,0
DA:48,0
DA:51,0
DA:57,0
DA:58,0
DA:60,0
DA:63,0
DA:74,0
DA:78,0
DA:84,0
DA:85,0
DA:86,0
DA:87,0
DA:110,0
DA:111,0
DA:129,0
DA:130,0
DA:145,0
DA:146,0
DA:153,0
DA:154,0
DA:156,0
DA:193,0
DA:203,0
DA:206,0
DA:208,0
DA:219,0
DA:220,0
DA:225,0
DA:226,0
DA:227,0
LF:41
LH:0
BRDA:47,0,0,0
BRDA:47,0,1,0
BRDA:84,1,0,0
BRDA:84,1,1,0
BRDA:110,2,0,0
BRDA:110,2,1,0
BRDA:129,3,0,0
BRDA:129,3,1,0
BRDA:154,4,0,0
BRDA:154,4,1,0
BRDA:164,5,0,0
BRDA:164,5,1,0
BRDA:174,6,0,0
BRDA:174,6,1,0
BRF:14
BRH:0
end_of_record
TN:
SF:/Users/siman/Documents/Projects/InDeepShip/bow/src/components/Organization.js
FN:6,(anonymous_0)
FN:12,(anonymous_1)
FNF:2
FNH:0
FNDA:0,(anonymous_0)
FNDA:0,(anonymous_1)
DA:7,0
DA:9,0
DA:13,0
LF:3
LH:0
BRF:0
BRH:0
end_of_record
TN:
SF:/Users/siman/Documents/Projects/InDeepShip/bow/src/components/PasswordReset.js
FN:8,(anonymous_0)
FN:16,(anonymous_1)
FN:23,(anonymous_2)
FN:27,(anonymous_3)
FN:60,(anonymous_4)
FN:68,(anonymous_5)
FN:70,(anonymous_6)
FNF:7
FNH:0
FNDA:0,(anonymous_0)
FNDA:0,(anonymous_1)
FNDA:0,(anonymous_2)
FNDA:0,(anonymous_3)
FNDA:0,(anonymous_4)
FNDA:0,(anonymous_5)
FNDA:0,(anonymous_6)
DA:9,0
DA:11,0
DA:16,0
DA:17,0
DA:19,0
DA:20,0
DA:23,0
DA:24,0
DA:28,0
DA:30,0
DA:32,0
DA:36,0
DA:60,0
DA:61,0
DA:68,0
DA:69,0
DA:70,0
DA:74,0
LF:18
LH:0
BRDA:30,0,0,0
BRDA:30,0,1,0
BRF:2
BRH:0
end_of_record
TN:
SF:/Users/siman/Documents/Projects/InDeepShip/bow/src/components/PasswordResetConfirm.js
FN:7,(anonymous_0)
FN:15,(anonymous_1)
FN:22,(anonymous_2)
FN:26,(anonymous_3)
FN:53,(anonymous_4)
FN:61,(anonymous_5)
FN:63,(anonymous_6)
FNF:7
FNH:0
FNDA:0,(anonymous_0)
FNDA:0,(anonymous_1)
FNDA:0,(anonymous_2)
FNDA:0,(anonymous_3)
FNDA:0,(anonymous_4)
FNDA:0,(anonymous_5)
FNDA:0,(anonymous_6)
DA:8,0
DA:10,0
DA:15,0
DA:16,0
DA:18,0
DA:19,0
DA:22,0
DA:23,0
DA:27,0
DA:29,0
DA:53,0
DA:54,0
DA:61,0
DA:62,0
DA:63,0
DA:67,0
LF:16
LH:0
BRF:0
BRH:0
end_of_record
TN:
SF:/Users/siman/Documents/Projects/InDeepShip/bow/src/components/Policy.js
FN:6,(anonymous_0)
FN:12,(anonymous_1)
FNF:2
FNH:0
FNDA:0,(anonymous_0)
FNDA:0,(anonymous_1)
DA:7,0
DA:9,0
DA:13,0
LF:3
LH:0
BRF:0
BRH:0
end_of_record
TN:
SF:/Users/siman/Documents/Projects/InDeepShip/bow/src/components/PrivateRegistration.js
FN:10,(anonymous_0)
FN:46,(anonymous_1)
FN:52,(anonymous_2)
FN:53,(anonymous_3)
FN:63,(anonymous_4)
FN:64,(anonymous_5)
FN:71,(anonymous_6)
FN:75,(anonymous_7)
FN:83,(anonymous_8)
FN:251,(anonymous_9)
FN:255,(anonymous_10)
FN:263,(anonymous_11)
FN:267,(anonymous_12)
FN:275,(anonymous_13)
FN:283,(anonymous_14)
FN:300,(anonymous_15)
FN:317,(anonymous_16)
FN:330,(anonymous_17)
FN:348,(anonymous_18)
FN:376,(anonymous_19)
FN:385,(anonymous_20)
FN:387,(anonymous_21)
FNF:22
FNH:0
FNDA:0,(anonymous_0)
FNDA:0,(anonymous_1)
FNDA:0,(anonymous_2)
FNDA:0,(anonymous_3)
FNDA:0,(anonymous_4)
FNDA:0,(anonymous_5)
FNDA:0,(anonymous_6)
FNDA:0,(anonymous_7)
FNDA:0,(anonymous_8)
FNDA:0,(anonymous_9)
FNDA:0,(anonymous_10)
FNDA:0,(anonymous_11)
FNDA:0,(anonymous_12)
FNDA:0,(anonymous_13)
FNDA:0,(anonymous_14)
FNDA:0,(anonymous_15)
FNDA:0,(anonymous_16)
FNDA:0,(anonymous_17)
FNDA:0,(anonymous_18)
FNDA:0,(anonymous_19)
FNDA:0,(anonymous_20)
FNDA:0,(anonymous_21)
DA:11,0
DA:13,0
DA:36,0
DA:37,0
DA:38,0
DA:39,0
DA:42,0
DA:43,0
DA:47,0
DA:52,0
DA:54,0
DA:58,0
DA:63,0
DA:65,0
DA:72,0
DA:76,0
DA:77,0
DA:78,0
DA:80,0
DA:85,0
DA:87,0
DA:132,0
DA:172,0
DA:225,0
DA:232,0
DA:245,0
DA:252,0
DA:254,0
DA:256,0
DA:264,0
DA:266,0
DA:268,0
DA:276,0
DA:277,0
DA:279,0
DA:284,0
DA:285,0
DA:287,0
DA:301,0
DA:303,0
DA:317,0
DA:330,0
DA:349,0
DA:351,0
DA:352,0
DA:359,0
DA:376,0
DA:377,0
DA:385,0
DA:386,0
DA:387,0
DA:391,0
LF:52
LH:0
BRDA:36,0,0,0
BRDA:36,0,1,0
BRDA:85,1,0,0
BRDA:85,1,1,0
BRDA:85,1,2,0
BRDA:85,1,3,0
BRDA:85,1,4,0
BRDA:85,1,5,0
BRDA:284,2,0,0
BRDA:284,2,1,0
BRDA:285,3,0,0
BRDA:285,3,1,0
BRDA:301,4,0,0
BRDA:301,4,1,0
BRDA:311,5,0,0
BRDA:311,5,1,0
BRDA:323,6,0,0
BRDA:323,6,1,0
BRDA:336,7,0,0
BRDA:336,7,1,0
BRDA:351,8,0,0
BRDA:351,8,1,0
BRDA:364,9,0,0
BRDA:364,9,1,0
BRF:24
BRH:0
end_of_record
TN:
SF:/Users/siman/Documents/Projects/InDeepShip/bow/src/components/PrivateRegistrationDetails.js
FN:6,(anonymous_0)
FN:12,(anonymous_1)
FNF:2
FNH:0
FNDA:0,(anonymous_0)
FNDA:0,(anonymous_1)
DA:7,0
DA:9,0
DA:13,0
LF:3
LH:0
BRF:0
BRH:0
end_of_record
TN:
SF:/Users/siman/Documents/Projects/InDeepShip/bow/src/components/Root.js
FN:7,(anonymous_0)
FNF:1
FNH:0
FNDA:0,(anonymous_0)
DA:7,0
DA:8,0
DA:15,0
LF:3
LH:0
BRF:0
BRH:0
end_of_record
TN:
SF:/Users/siman/Documents/Projects/InDeepShip/bow/src/components/ServiceCards.js
FN:8,(anonymous_0)
FN:16,(anonymous_1)
FNF:2
FNH:0
FNDA:0,(anonymous_0)
FNDA:0,(anonymous_1)
DA:9,0
DA:11,0
DA:17,0
LF:3
LH:0
BRF:0
BRH:0
end_of_record
TN:
SF:/Users/siman/Documents/Projects/InDeepShip/bow/src/components/Services.js
FN:6,(anonymous_0)
FN:12,(anonymous_1)
FNF:2
FNH:0
FNDA:0,(anonymous_0)
FNDA:0,(anonymous_1)
DA:7,0
DA:9,0
DA:13,0
LF:3
LH:0
BRF:0
BRH:0
end_of_record
TN:
SF:/Users/siman/Documents/Projects/InDeepShip/bow/src/components/Signup.js
FN:20,(anonymous_0)
FN:23,(anonymous_1)
FN:31,(anonymous_2)
FN:44,(anonymous_3)
FN:66,(anonymous_4)
FN:81,(anonymous_5)
FN:115,(anonymous_6)
FN:122,(anonymous_7)
FN:141,(anonymous_8)
FN:160,(anonymous_9)
FN:184,(anonymous_10)
FN:282,(anonymous_11)
FN:300,(anonymous_12)
FN:321,(anonymous_13)
FN:329,(anonymous_14)
FN:331,(anonymous_15)
FNF:16
FNH:0
FNDA:0,(anonymous_0)
FNDA:0,(anonymous_1)
FNDA:0,(anonymous_2)
FNDA:0,(anonymous_3)
FNDA:0,(anonymous_4)
FNDA:0,(anonymous_5)
FNDA:0,(anonymous_6)
FNDA:0,(anonymous_7)
FNDA:0,(anonymous_8)
FNDA:0,(anonymous_9)
FNDA:0,(anonymous_10)
FNDA:0,(anonymous_11)
FNDA:0,(anonymous_12)
FNDA:0,(anonymous_13)
FNDA:0,(anonymous_14)
FNDA:0,(anonymous_15)
DA:12,0
DA:20,0
DA:21,0
DA:23,0
DA:24,0
DA:25,0
DA:26,0
DA:28,0
DA:31,0
DA:32,0
DA:33,0
DA:34,0
DA:36,0
DA:39,0
DA:45,0
DA:47,0
DA:66,0
DA:67,0
DA:68,0
DA:69,0
DA:70,0
DA:71,0
DA:73,0
DA:81,0
DA:82,0
DA:83,0
DA:84,0
DA:86,0
DA:88,0
DA:91,0
DA:93,0
DA:94,0
DA:96,0
DA:98,0
DA:100,0
DA:102,0
DA:104,0
DA:106,0
DA:109,0
DA:116,0
DA:122,0
DA:141,0
DA:160,0
DA:185,0
DA:186,0
DA:187,0
DA:189,0
DA:190,0
DA:193,0
DA:194,0
DA:197,0
DA:199,0
DA:200,0
DA:207,0
DA:208,0
DA:282,0
DA:300,0
DA:321,0
DA:322,0
DA:329,0
DA:330,0
DA:332,0
DA:336,0
LF:63
LH:0
BRDA:24,0,0,0
BRDA:24,0,1,0
BRDA:32,1,0,0
BRDA:32,1,1,0
BRDA:68,2,0,0
BRDA:68,2,1,0
BRDA:86,3,0,0
BRDA:86,3,1,0
BRDA:86,3,2,0
BRDA:86,3,3,0
BRDA:86,3,4,0
BRDA:86,3,5,0
BRDA:88,4,0,0
BRDA:88,4,1,0
BRDA:93,5,0,0
BRDA:93,5,1,0
BRDA:96,6,0,0
BRDA:96,6,1,0
BRDA:99,7,0,0
BRDA:99,7,1,0
BRDA:103,8,0,0
BRDA:103,8,1,0
BRDA:187,9,0,0
BRDA:187,9,1,0
BRDA:189,10,0,0
BRDA:189,10,1,0
BRDA:193,11,0,0
BRDA:193,11,1,0
BRDA:199,12,0,0
BRDA:199,12,1,0
BRDA:207,13,0,0
BRDA:207,13,1,0
BRDA:218,14,0,0
BRDA:218,14,1,0
BRDA:244,15,0,0
BRDA:244,15,1,0
BRDA:258,16,0,0
BRDA:258,16,1,0
BRDA:272,17,0,0
BRDA:272,17,1,0
BRDA:308,18,0,0
BRDA:308,18,1,0
BRF:42
BRH:0
end_of_record
TN:
SF:/Users/siman/Documents/Projects/InDeepShip/bow/src/components/Spinner.js
FN:3,(anonymous_0)
FNF:1
FNH:0
FNDA:0,(anonymous_0)
DA:3,0
DA:4,0
LF:2
LH:0
BRDA:4,0,0,0
BRDA:4,0,1,0
BRF:2
BRH:0
end_of_record
TN:
SF:/Users/siman/Documents/Projects/InDeepShip/bow/src/components/UserSetupForm.js
FN:7,(anonymous_0)
FN:9,(anonymous_1)
FN:9,(anonymous_2)
FN:10,(anonymous_3)
FN:10,(anonymous_4)
FN:16,(anonymous_5)
FN:20,(anonymous_6)
FN:39,(anonymous_7)
FN:50,(anonymous_8)
FN:56,(anonymous_9)
FN:60,(anonymous_10)
FN:149,(anonymous_11)
FN:159,(anonymous_12)
FN:161,(anonymous_13)
FNF:14
FNH:0
FNDA:0,(anonymous_0)
FNDA:0,(anonymous_1)
FNDA:0,(anonymous_2)
FNDA:0,(anonymous_3)
FNDA:0,(anonymous_4)
FNDA:0,(anonymous_5)
FNDA:0,(anonymous_6)
FNDA:0,(anonymous_7)
FNDA:0,(anonymous_8)
FNDA:0,(anonymous_9)
FNDA:0,(anonymous_10)
FNDA:0,(anonymous_11)
FNDA:0,(anonymous_12)
FNDA:0,(anonymous_13)
DA:7,0
DA:9,0
DA:10,0
DA:12,0
DA:14,0
DA:16,0
DA:20,0
DA:27,0
DA:40,0
DA:43,0
DA:50,0
DA:51,0
DA:52,0
DA:53,0
DA:56,0
DA:57,0
DA:61,0
DA:62,0
DA:64,0
DA:65,0
DA:66,0
DA:69,0
DA:145,0
DA:149,0
DA:150,0
DA:159,0
DA:160,0
DA:161,0
LF:28
LH:0
BRDA:7,0,0,0
BRDA:7,0,1,0
BRDA:9,1,0,0
BRDA:9,1,1,0
BRDA:9,2,0,0
BRDA:9,2,1,0
BRDA:10,3,0,0
BRDA:10,3,1,0
BRDA:10,4,0,0
BRDA:10,4,1,0
BRDA:16,5,0,0
BRDA:16,5,1,0
BRDA:16,6,0,0
BRDA:16,6,1,0
BRDA:16,6,2,0
BRDA:31,7,0,0
BRDA:31,7,1,0
BRDA:31,7,2,0
BRDA:31,7,3,0
BRDA:31,7,4,0
BRDA:64,8,0,0
BRDA:64,8,1,0
BRDA:131,9,0,0
BRDA:131,9,1,0
BRF:24
BRH:0
end_of_record
TN:
SF:/Users/siman/Documents/Projects/InDeepShip/bow/src/components/VesselNameLookup.js
FN:12,(anonymous_0)
FN:31,(anonymous_1)
FN:45,(anonymous_2)
FN:50,(anonymous_3)
FN:55,(anonymous_4)
FN:66,(anonymous_5)
FN:71,(anonymous_6)
FN:76,(anonymous_7)
FN:83,(anonymous_8)
FN:111,(anonymous_9)
FN:115,(anonymous_10)
FN:135,(anonymous_11)
FN:136,(anonymous_12)
FN:163,(anonymous_13)
FNF:14
FNH:0
FNDA:0,(anonymous_0)
FNDA:0,(anonymous_1)
FNDA:0,(anonymous_2)
FNDA:0,(anonymous_3)
FNDA:0,(anonymous_4)
FNDA:0,(anonymous_5)
FNDA:0,(anonymous_6)
FNDA:0,(anonymous_7)
FNDA:0,(anonymous_8)
FNDA:0,(anonymous_9)
FNDA:0,(anonymous_10)
FNDA:0,(anonymous_11)
FNDA:0,(anonymous_12)
FNDA:0,(anonymous_13)
DA:12,0
DA:19,0
DA:32,0
DA:33,0
DA:34,0
DA:40,0
DA:41,0
DA:43,0
DA:46,0
DA:51,0
DA:55,0
DA:56,0
DA:57,0
DA:58,0
DA:59,0
DA:61,0
DA:67,0
DA:72,0
DA:79,0
DA:80,0
DA:84,0
DA:85,0
DA:92,0
DA:111,0
DA:112,0
DA:116,0
DA:135,0
DA:137,0
DA:163,0
DA:164,0
DA:169,0
LF:31
LH:0
BRDA:23,0,0,0
BRDA:23,0,1,0
BRDA:23,0,2,0
BRDA:23,0,3,0
BRDA:23,0,4,0
BRDA:84,1,0,0
BRDA:84,1,1,0
BRDA:102,2,0,0
BRDA:102,2,1,0
BRDA:153,3,0,0
BRDA:153,3,1,0
BRF:11
BRH:0
end_of_record
TN:
SF:/Users/siman/Documents/Projects/InDeepShip/bow/src/constants/routes.js
FNF:0
FNH:0
DA:1,0
DA:2,0
DA:3,0
DA:4,0
DA:5,0
DA:6,0
DA:7,0
DA:8,0
DA:9,0
DA:10,0
DA:11,0
DA:12,0
LF:12
LH:0
BRF:0
BRH:0
end_of_record
TN:
SF:/Users/siman/Documents/Projects/InDeepShip/bow/src/reducers/authReducer.js
FN:12,(anonymous_0)
FN:19,(anonymous_1)
FN:28,(anonymous_2)
FN:35,(anonymous_3)
FN:41,(anonymous_4)
FN:48,(anonymous_5)
FN:54,(anonymous_6)
FN:61,(anonymous_7)
FN:68,(anonymous_8)
FNF:9
FNH:0
FNDA:0,(anonymous_0)
FNDA:0,(anonymous_1)
FNDA:0,(anonymous_2)
FNDA:0,(anonymous_3)
FNDA:0,(anonymous_4)
FNDA:0,(anonymous_5)
FNDA:0,(anonymous_6)
FNDA:0,(anonymous_7)
FNDA:0,(anonymous_8)
DA:5,0
DA:12,0
DA:13,0
DA:19,0
DA:20,0
DA:28,0
DA:29,0
DA:35,0
DA:36,0
DA:41,0
DA:42,0
DA:48,0
DA:49,0
DA:54,0
DA:55,0
DA:61,0
DA:62,0
DA:68,0
DA:69,0
DA:71,0
DA:73,0
DA:75,0
DA:77,0
DA:79,0
DA:81,0
DA:83,0
DA:85,0
DA:87,0
LF:28
LH:0
BRDA:68,0,0,0
BRDA:69,1,0,0
BRDA:69,1,1,0
BRDA:69,1,2,0
BRDA:69,1,3,0
BRDA:69,1,4,0
BRDA:69,1,5,0
BRDA:69,1,6,0
BRDA:69,1,7,0
BRDA:69,1,8,0
BRF:10
BRH:0
end_of_record
TN:
SF:/Users/siman/Documents/Projects/InDeepShip/bow/src/reducers/index.js
FNF:0
FNH:0
LF:0
LH:0
BRF:0
BRH:0
end_of_record
TN:
SF:/Users/siman/Documents/Projects/InDeepShip/bow/src/reducers/loadReducer.js
FN:6,(anonymous_0)
FNF:1
FNH:0
FNDA:0,(anonymous_0)
DA:7,0
DA:9,0
DA:11,0
LF:3
LH:0
BRDA:6,0,0,0
BRDA:7,1,0,0
BRDA:7,1,1,0
BRDA:9,2,0,0
BRDA:9,2,1,0
BRF:5
BRH:0
end_of_record
TN:
SF:/Users/siman/Documents/Projects/InDeepShip/bow/src/reducers/registerReducer.js
FN:10,(anonymous_0)
FN:17,(anonymous_1)
FN:25,(anonymous_2)
FN:32,(anonymous_3)
FNF:4
FNH:0
FNDA:0,(anonymous_0)
FNDA:0,(anonymous_1)
FNDA:0,(anonymous_2)
FNDA:0,(anonymous_3)
DA:4,0
DA:10,0
DA:11,0
DA:17,0
DA:18,0
DA:25,0
DA:26,0
DA:32,0
DA:33,0
DA:35,0
DA:37,0
DA:39,0
DA:41,0
LF:13
LH:0
BRDA:32,0,0,0
BRDA:33,1,0,0
BRDA:33,1,1,0
BRDA:33,1,2,0
BRDA:33,1,3,0
BRF:5
BRH:0
end_of_record
